
2017. 1. 17. 오후 2:45:23
===============================================================================
M kpfis\src\main\resources\sqlmap\config\mysql\sql-map-config-mysql.xml
M kpfis\src\main\webapp\WEB-INF\jsp\admin\system\left.jsp
M kpfis\src\main\webapp\lib\css\cmsadmin.css

A kpfis\src\main\java\com\mc\web\admin\email\EmailAdminController.java
A kpfis\src\main\java\com\mc\web\admin\email\EmailAdminDAO.java
A kpfis\src\main\java\com\mc\web\admin\email\EmailAdminHelper.java
A kpfis\src\main\java\com\mc\web\admin\email\EmailAdminService.java
A kpfis\src\main\java\com\mc\web\admin\email\impl\EmailAdminServiceImpl.java
A kpfis\src\main\resources\sqlmap\mysql\email.xml
A kpfis\src\main\webapp\WEB-INF\jsp\admin\system\email\form_list.jsp
A kpfis\src\main\webapp\WEB-INF\jsp\admin\system\email\form_modify.jsp
A kpfis\src\main\webapp\WEB-INF\jsp\admin\system\email\form_write.jsp
A kpfis\src\main\webapp\WEB-INF\jsp\admin\system\email\index.jsp
A kpfis\src\main\webapp\WEB-INF\jsp\admin\system\email\list.jsp
A kpfis\src\main\webapp\WEB-INF\jsp\admin\system\email\modify.jsp
A kpfis\src\main\webapp\WEB-INF\jsp\admin\system\email\smtp_list.jsp
A kpfis\src\main\webapp\WEB-INF\jsp\admin\system\email\smtp_modify.jsp
A kpfis\src\main\webapp\WEB-INF\jsp\admin\system\email\smtp_write.jsp
A kpfis\src\main\webapp\WEB-INF\jsp\admin\system\email\target_list.jsp
A kpfis\src\main\webapp\WEB-INF\jsp\admin\system\email\target_modify.jsp
A kpfis\src\main\webapp\WEB-INF\jsp\admin\system\email\target_write.jsp
A kpfis\src\main\webapp\WEB-INF\jsp\admin\system\email\write.jsp


2017. 1. 23. 오후 6:11:38
===============================================================================
M cms\src\main\java\com\mc\web\login\session\SessionInformationSupport.java
M cms\src\main\resources\config\ehcache.xml
M cms\src\main\resources\spring\context-security.xml

A cms\src\main\java\com\mc\web\login\CacheManagerFactory.java
A cms\src\main\java\com\mc\web\login\impl\ClusteredSessionRegistryImpl.java


2017. 1. 24. 오후 5:01:16
===============================================================================
M cms\src\main\java\com\mc\web\interceptor\PageAuthInterceptor.java
M cms\src\main\java\com\mc\web\login\session\SessionInformationSupport.java
M cms\src\main\resources\config\ehcache.xml
M cms\src\main\resources\spring\appServlet\servlet-context.xml
M cms\src\main\resources\spring\context-security.xml

A cms\src\main\java\com\mc\web\login\CacheManagerFactory.java
A cms\src\main\java\com\mc\web\login\impl\ClusteredSessionRegistryImpl.java


2017. 1. 25. 오후 2:01:57
===============================================================================
M cms\src\main\java\com\mc\web\service\Globals.java
M cms\src\main\resources\config\mc.properties
M cms\src\main\resources\sqlmap\mysql\ipcheck.xml
M cms\src\main\webapp\WEB-INF\jsp\egovframework\com\cmm\error\dataAccessFailure.jsp
M cms\src\main\webapp\WEB-INF\jsp\egovframework\com\cmm\error\egovBizException.jsp
M cms\src\main\webapp\WEB-INF\jsp\egovframework\com\cmm\error\egovError.jsp
M cms\src\main\webapp\WEB-INF\jsp\egovframework\com\cmm\error\egovHttpSessionException.jsp
M cms\src\main\webapp\code500.jsp
M cms\src\main\webapp\lib\js\services\myCommon.js


2017. 1. 25. 오후 2:02:07
===============================================================================
M cms\src\main\java\com\mc\web\service\Globals.java
M cms\src\main\resources\config\mc.properties
M cms\src\main\resources\sqlmap\mysql\ipcheck.xml
M cms\src\main\webapp\WEB-INF\jsp\egovframework\com\cmm\error\dataAccessFailure.jsp
M cms\src\main\webapp\WEB-INF\jsp\egovframework\com\cmm\error\egovBizException.jsp
M cms\src\main\webapp\WEB-INF\jsp\egovframework\com\cmm\error\egovError.jsp
M cms\src\main\webapp\WEB-INF\jsp\egovframework\com\cmm\error\egovHttpSessionException.jsp
M cms\src\main\webapp\code500.jsp
M cms\src\main\webapp\lib\js\services\myCommon.js


2017. 1. 25. 오후 3:31:05
===============================================================================
M cms\src\main\resources\sqlmap\mysql\ipcheck.xml
M cms\src\main\webapp\WEB-INF\jsp\admin\homepage\article\type\A\angularCtrl.jsp
M cms\src\main\webapp\WEB-INF\jsp\admin\homepage\article\type\E\angularCtrl.jsp
M cms\src\main\webapp\WEB-INF\jsp\admin\homepage\article\type\F\angularCtrl.jsp
M cms\src\main\webapp\WEB-INF\jsp\admin\homepage\modify.jsp
M cms\src\main\webapp\WEB-INF\jsp\admin\homepage\write.jsp
M cms\src\main\webapp\WEB-INF\jsp\admin\system\analytics\index.jsp
M cms\src\main\webapp\WEB-INF\jsp\admin\system\member\index.jsp
M cms\src\main\webapp\lib\js\services\myCommon.js


2017. 1. 25. 오후 3:38:41
===============================================================================
M cms\src\main\webapp\lib\css\cmsadmin.css

A cms\src\main\webapp\images\admin\icon_sys_34.png
A cms\src\main\webapp\images\admin\icon_sys_35.png
A cms\src\main\webapp\images\admin\icon_sys_36.png


2017. 1. 25. 오후 6:02:06
===============================================================================
M cms\src\main\java\com\mc\web\login\LoginController.java
M cms\src\main\java\com\mc\web\login\LoginService.java
M cms\src\main\java\com\mc\web\login\impl\LoginServiceImpl.java
M cms\src\main\webapp\WEB-INF\jsp\admin\login\index.jsp


2017. 1. 26. 오전 10:40:00
===============================================================================
M cms\src\main\java\com\mc\web\login\LoginService.java
M cms\src\main\java\com\mc\web\login\impl\LoginServiceImpl.java
M cms\src\main\webapp\WEB-INF\jsp\admin\login\index.jsp


2017. 2. 14. 오후 3:47:52
===============================================================================
M cms\src\main\java\com\mc\web\admin\tracking\impl\TrackingServiceImpl.java
M cms\src\main\resources\script\altibase\ddl\cms_create.sql
M cms\src\main\resources\script\cubrid\ddl\cms_create.sql
M cms\src\main\resources\script\mysql\ddl\cms_create.sql
M cms\src\main\resources\script\oracle\ddl\cms_create.sql
M cms\src\main\resources\script\tibero\ddl\cms_create.sql
M cms\src\main\resources\sqlmap\altibase\tracking.xml
M cms\src\main\resources\sqlmap\mysql\tracking.xml
M cms\src\main\resources\sqlmap\oracle\tracking.xml
M cms\src\main\resources\sqlmap\tibero\tracking.xml
M cms\src\main\webapp\WEB-INF\jsp\admin\homepage\article\index.jsp
M cms\src\main\webapp\WEB-INF\jsp\admin\homepage\article\type\A\list.jsp
M cms\src\main\webapp\WEB-INF\jsp\admin\homepage\article\type\A\modify.jsp
M cms\src\main\webapp\WEB-INF\jsp\admin\homepage\article\type\A\write.jsp
M cms\src\main\webapp\WEB-INF\jsp\admin\homepage\article\type\B\list.jsp
M cms\src\main\webapp\WEB-INF\jsp\admin\homepage\article\type\B\modify.jsp
M cms\src\main\webapp\WEB-INF\jsp\admin\homepage\article\type\B\write.jsp
M cms\src\main\webapp\WEB-INF\jsp\admin\homepage\article\type\C\list.jsp
M cms\src\main\webapp\WEB-INF\jsp\admin\homepage\article\type\C\modify.jsp
M cms\src\main\webapp\WEB-INF\jsp\admin\homepage\article\type\C\write.jsp
M cms\src\main\webapp\WEB-INF\jsp\admin\homepage\article\type\D\list.jsp
M cms\src\main\webapp\WEB-INF\jsp\admin\homepage\article\type\D\modify.jsp
M cms\src\main\webapp\WEB-INF\jsp\admin\homepage\article\type\D\reply.jsp
M cms\src\main\webapp\WEB-INF\jsp\admin\homepage\article\type\D\write.jsp
M cms\src\main\webapp\WEB-INF\jsp\admin\homepage\article\type\E\list.jsp
M cms\src\main\webapp\WEB-INF\jsp\admin\homepage\article\type\E\modify.jsp
M cms\src\main\webapp\WEB-INF\jsp\admin\homepage\article\type\E\write.jsp
M cms\src\main\webapp\WEB-INF\jsp\admin\homepage\article\type\F\list.jsp
M cms\src\main\webapp\WEB-INF\jsp\admin\homepage\article\type\F\modify.jsp
M cms\src\main\webapp\WEB-INF\jsp\admin\homepage\article\type\F\write.jsp
M cms\src\main\webapp\WEB-INF\jsp\admin\homepage\contentFrm.jsp
M cms\src\main\webapp\WEB-INF\jsp\admin\homepage\help.jsp
M cms\src\main\webapp\WEB-INF\jsp\admin\homepage\left.jsp
M cms\src\main\webapp\WEB-INF\jsp\admin\homepage\modify.jsp
M cms\src\main\webapp\WEB-INF\jsp\admin\homepage\write.jsp
M cms\src\main\webapp\WEB-INF\jsp\admin\system\ipcheck\index.jsp
M cms\src\main\webapp\WEB-INF\jsp\admin\system\member\index.jsp
M cms\src\main\webapp\WEB-INF\jsp\admin\system\permit\index.jsp
M cms\src\main\webapp\WEB-INF\jsp\admin\system\tracking\index.jsp
M cms\src\main\webapp\WEB-INF\jsp\layout\admin.jsp
M cms\src\main\webapp\lib\js\services\myCommon.js

A cms\src\main\resources\sqlmap\cubrid\tracking.xml


2017. 2. 15. 오전 11:53:59
===============================================================================
M cms\.classpath
M cms\.project
M cms\src\main\webapp\WEB-INF\jsp\docview\preview.jsp
M cms\src\main\webapp\images
M cms\src\main\webapp\lib\css

A cms\src\main\webapp\images\preview\e_left_btn.png
A cms\src\main\webapp\images\preview\e_left_page.gif
A cms\src\main\webapp\images\preview\e_move_btn.gif
A cms\src\main\webapp\images\preview\e_right_btn.png
A cms\src\main\webapp\images\preview\e_right_page.gif
A cms\src\main\webapp\images\preview\view_close.gif
A cms\src\main\webapp\images\preview\view_download.gif
A cms\src\main\webapp\images\preview\view_icon.gif
A cms\src\main\webapp\images\preview\view_print.gif
A cms\src\main\webapp\images\preview\viewer_minus.gif
A cms\src\main\webapp\images\preview\viewer_plus.gif
A cms\src\main\webapp\lib\css\preview.css


2017. 2. 15. 오후 5:25:58
===============================================================================
M cms\src\main\java\com\mc\web\admin\homepage\impl\HomepageServiceImpl.java
M cms\src\main\java\com\mc\web\attach\AttachDAO.java
M cms\src\main\java\com\mc\web\page\TemplateController.java
M cms\src\main\java\com\mc\web\page\TemplateHelper.java
M cms\src\main\java\com\mc\web\page\TemplateService.java
M cms\src\main\java\com\mc\web\page\impl\TemplateServiceImpl.java
M cms\src\main\java\com\mc\web\schedule\TempFileCleaning.java
M cms\src\main\java\com\mc\web\service\Globals.java
M cms\src\main\resources\config\mc.properties
M cms\src\main\resources\script\altibase\ddl\cms_create.sql
M cms\src\main\resources\script\cubrid\ddl\cms_create.sql
M cms\src\main\resources\script\mysql\ddl\cms_create.sql
M cms\src\main\resources\script\oracle\ddl\cms_create.sql
M cms\src\main\resources\script\tibero\ddl\cms_create.sql
M cms\src\main\resources\sqlmap\altibase\menu.xml
M cms\src\main\resources\sqlmap\cubrid\menu.xml
M cms\src\main\resources\sqlmap\mysql\menu.xml
M cms\src\main\resources\sqlmap\oracle\menu.xml
M cms\src\main\resources\sqlmap\tibero\menu.xml
M cms\src\main\webapp\WEB-INF\jsp\admin\homepage\modify.jsp
M cms\src\main\webapp\WEB-INF\jsp\admin\homepage\write.jsp
M cms\src\main\webapp\WEB-INF\jsp\layout\lay1.jsp

A cms\src\main\webapp\WEB-INF\jsp\inc\libs.jsp


2017. 2. 16. 오전 11:00:53
===============================================================================
M cms\src\main\resources\sqlmap\altibase\tracking.xml
M cms\src\main\resources\sqlmap\cubrid\tracking.xml
M cms\src\main\resources\sqlmap\mysql\tracking.xml
M cms\src\main\resources\sqlmap\oracle\tracking.xml
M cms\src\main\resources\sqlmap\tibero\tracking.xml
M cms\src\main\webapp\WEB-INF\jsp\admin\homepage\left.jsp
M cms\src\main\webapp\WEB-INF\jsp\admin\system\tracking\index.jsp
M cms\src\main\webapp\lib\js\mc.js


2017. 2. 16. 오전 11:09:46
===============================================================================
M cms\src\main\resources\sqlmap\altibase\tracking.xml
M cms\src\main\resources\sqlmap\cubrid\tracking.xml
M cms\src\main\resources\sqlmap\mysql\tracking.xml
M cms\src\main\resources\sqlmap\oracle\tracking.xml
M cms\src\main\resources\sqlmap\tibero\tracking.xml


2017. 2. 17. 오후 3:23:03
===============================================================================
M cms\src\main\java\com\mc\web\attach\AttachDAO.java
M cms\src\main\java\com\mc\web\staff\search\StaffSearchDAO.java
M cms\src\main\resources\script\altibase\ddl\cms_create.sql
M cms\src\main\resources\script\cubrid\ddl\cms_create.sql
M cms\src\main\resources\script\mysql\ddl\cms_create.sql
M cms\src\main\resources\script\oracle\ddl\cms_create.sql
M cms\src\main\resources\script\tibero\ddl\cms_create.sql
M cms\src\main\resources\sqlmap\altibase\analytics.xml
M cms\src\main\resources\sqlmap\altibase\attach.xml
M cms\src\main\resources\sqlmap\altibase\staff.xml
M cms\src\main\resources\sqlmap\altibase\tracking.xml
M cms\src\main\resources\sqlmap\altibase\user.xml
M cms\src\main\resources\sqlmap\cubrid\analytics.xml
M cms\src\main\resources\sqlmap\cubrid\attach.xml
M cms\src\main\resources\sqlmap\cubrid\staff.xml
M cms\src\main\resources\sqlmap\cubrid\tracking.xml
M cms\src\main\resources\sqlmap\cubrid\user.xml
M cms\src\main\resources\sqlmap\mysql\analytics.xml
M cms\src\main\resources\sqlmap\mysql\attach.xml
M cms\src\main\resources\sqlmap\mysql\staff.xml
M cms\src\main\resources\sqlmap\mysql\tracking.xml
M cms\src\main\resources\sqlmap\mysql\user.xml
M cms\src\main\resources\sqlmap\oracle\analytics.xml
M cms\src\main\resources\sqlmap\oracle\attach.xml
M cms\src\main\resources\sqlmap\oracle\staff.xml
M cms\src\main\resources\sqlmap\oracle\tracking.xml
M cms\src\main\resources\sqlmap\oracle\user.xml
M cms\src\main\resources\sqlmap\tibero\analytics.xml
M cms\src\main\resources\sqlmap\tibero\attach.xml
M cms\src\main\resources\sqlmap\tibero\staff.xml
M cms\src\main\resources\sqlmap\tibero\tracking.xml
M cms\src\main\resources\sqlmap\tibero\user.xml


2017. 2. 20. 오후 3:24:17
===============================================================================
M cms\src\main\java\com\mc\web\admin\article\ArticleController.java
M cms\src\main\java\com\mc\web\admin\article\ArticleDAO.java
M cms\src\main\java\com\mc\web\admin\article\ArticleService.java
M cms\src\main\java\com\mc\web\admin\article\impl\ArticleAServiceImpl.java
M cms\src\main\java\com\mc\web\admin\article\impl\ArticleBServiceImpl.java
M cms\src\main\java\com\mc\web\admin\article\impl\ArticleCServiceImpl.java
M cms\src\main\java\com\mc\web\admin\article\impl\ArticleDServiceImpl.java
M cms\src\main\java\com\mc\web\admin\article\impl\ArticleDefaultServiceImpl.java
M cms\src\main\java\com\mc\web\admin\article\impl\ArticleEServiceImpl.java
M cms\src\main\java\com\mc\web\admin\article\impl\ArticleFServiceImpl.java
M cms\src\main\java\com\mc\web\admin\article\impl\ArticleServiceAbst.java
M cms\src\main\java\com\mc\web\admin\popupzone\impl\PopupzoneServiceImpl.java
M cms\src\main\java\com\mc\web\article\UserArticleDAO.java
M cms\src\main\resources\sqlmap\altibase\article.xml
M cms\src\main\resources\sqlmap\altibase\board.xml
M cms\src\main\resources\sqlmap\altibase\code.xml
M cms\src\main\resources\sqlmap\altibase\email.xml
M cms\src\main\resources\sqlmap\altibase\filter.xml
M cms\src\main\resources\sqlmap\altibase\holiday.xml
M cms\src\main\resources\sqlmap\altibase\ipcheck.xml
M cms\src\main\resources\sqlmap\altibase\permit.xml
M cms\src\main\resources\sqlmap\altibase\poll.xml
M cms\src\main\resources\sqlmap\altibase\popupzone.xml
M cms\src\main\resources\sqlmap\altibase\program.xml
M cms\src\main\resources\sqlmap\altibase\reserve.xml
M cms\src\main\resources\sqlmap\altibase\satisfaction.xml
M cms\src\main\resources\sqlmap\altibase\site.xml
M cms\src\main\resources\sqlmap\cubrid\article.xml
M cms\src\main\resources\sqlmap\cubrid\board.xml
M cms\src\main\resources\sqlmap\cubrid\code.xml
M cms\src\main\resources\sqlmap\cubrid\email.xml
M cms\src\main\resources\sqlmap\cubrid\filter.xml
M cms\src\main\resources\sqlmap\cubrid\holiday.xml
M cms\src\main\resources\sqlmap\cubrid\ipcheck.xml
M cms\src\main\resources\sqlmap\cubrid\permit.xml
M cms\src\main\resources\sqlmap\cubrid\poll.xml
M cms\src\main\resources\sqlmap\cubrid\popupzone.xml
M cms\src\main\resources\sqlmap\cubrid\program.xml
M cms\src\main\resources\sqlmap\cubrid\reserve.xml
M cms\src\main\resources\sqlmap\cubrid\site.xml
M cms\src\main\resources\sqlmap\mysql\analytics.xml
M cms\src\main\resources\sqlmap\mysql\article.xml
M cms\src\main\resources\sqlmap\mysql\board.xml
M cms\src\main\resources\sqlmap\mysql\code.xml
M cms\src\main\resources\sqlmap\mysql\comments.xml
M cms\src\main\resources\sqlmap\mysql\email.xml
M cms\src\main\resources\sqlmap\mysql\filter.xml
M cms\src\main\resources\sqlmap\mysql\holiday.xml
M cms\src\main\resources\sqlmap\mysql\ipcheck.xml
M cms\src\main\resources\sqlmap\mysql\permit.xml
M cms\src\main\resources\sqlmap\mysql\poll.xml
M cms\src\main\resources\sqlmap\mysql\popupzone.xml
M cms\src\main\resources\sqlmap\mysql\program.xml
M cms\src\main\resources\sqlmap\mysql\reserve.xml
M cms\src\main\resources\sqlmap\mysql\site.xml
M cms\src\main\resources\sqlmap\oracle\article.xml
M cms\src\main\resources\sqlmap\oracle\board.xml
M cms\src\main\resources\sqlmap\oracle\code.xml
M cms\src\main\resources\sqlmap\oracle\email.xml
M cms\src\main\resources\sqlmap\oracle\filter.xml
M cms\src\main\resources\sqlmap\oracle\holiday.xml
M cms\src\main\resources\sqlmap\oracle\ipcheck.xml
M cms\src\main\resources\sqlmap\oracle\permit.xml
M cms\src\main\resources\sqlmap\oracle\poll.xml
M cms\src\main\resources\sqlmap\oracle\popupzone.xml
M cms\src\main\resources\sqlmap\oracle\program.xml
M cms\src\main\resources\sqlmap\oracle\reserve.xml
M cms\src\main\resources\sqlmap\oracle\site.xml
M cms\src\main\resources\sqlmap\tibero\article.xml
M cms\src\main\resources\sqlmap\tibero\board.xml
M cms\src\main\resources\sqlmap\tibero\code.xml
M cms\src\main\resources\sqlmap\tibero\email.xml
M cms\src\main\resources\sqlmap\tibero\filter.xml
M cms\src\main\resources\sqlmap\tibero\holiday.xml
M cms\src\main\resources\sqlmap\tibero\ipcheck.xml
M cms\src\main\resources\sqlmap\tibero\permit.xml
M cms\src\main\resources\sqlmap\tibero\poll.xml
M cms\src\main\resources\sqlmap\tibero\popupzone.xml
M cms\src\main\resources\sqlmap\tibero\program.xml
M cms\src\main\resources\sqlmap\tibero\reserve.xml
M cms\src\main\resources\sqlmap\tibero\site.xml
M cms\src\main\resources\sqlmap\tibero\user.xml


2017. 2. 22. 오전 10:49:46
===============================================================================
M cms\.classpath
M cms\.project
M cms\pom.xml
M cms\src\main\resources
M cms\src\main\webapp\WEB-INF\jsp\inc\paging.jsp
M cms\src\main\webapp\WEB-INF\web.xml

A cms\src\main\resources\lucy-xss-sax.xml
A cms\src\main\resources\lucy-xss-servlet-filter-rule.xml
A cms\src\main\resources\lucy-xss.xml


2017. 2. 23. 오전 10:17:46
===============================================================================
M cms\src\main\java\com\mc\web\admin\analytics\AnalyticsController.java
M cms\src\main\java\com\mc\web\admin\article\ArticleController.java
M cms\src\main\java\com\mc\web\admin\board\BoardController.java
M cms\src\main\java\com\mc\web\admin\code\CodeController.java
M cms\src\main\java\com\mc\web\admin\email\EmailAdminController.java
M cms\src\main\java\com\mc\web\admin\filter\FilterController.java
M cms\src\main\java\com\mc\web\admin\group\GroupController.java
M cms\src\main\java\com\mc\web\admin\holiday\HolidayController.java
M cms\src\main\java\com\mc\web\admin\homepage\HomepageController.java
M cms\src\main\java\com\mc\web\admin\homepage\impl\HomepageServiceImpl.java
M cms\src\main\java\com\mc\web\admin\ipcheck\IpCheckController.java
M cms\src\main\java\com\mc\web\admin\member\UserController.java
M cms\src\main\java\com\mc\web\admin\permit\PermitController.java
M cms\src\main\java\com\mc\web\admin\personal_filter\PersonalFilterController.java
M cms\src\main\java\com\mc\web\admin\poll\PollController.java
M cms\src\main\java\com\mc\web\admin\popupzone\PopupzoneController.java
M cms\src\main\java\com\mc\web\admin\program\ProgramController.java
M cms\src\main\java\com\mc\web\admin\reserve\ReserveController.java
M cms\src\main\java\com\mc\web\admin\satifaction\SatisfactionController.java
M cms\src\main\java\com\mc\web\admin\site\SiteManagerController.java
M cms\src\main\java\com\mc\web\admin\sns_account\SnsAccountController.java
M cms\src\main\java\com\mc\web\admin\tracking\TrackingController.java
M cms\src\main\java\com\mc\web\interceptor\AdminLoginInterceptor.java
M cms\src\main\java\com\mc\web\login\LoginController.java
M cms\src\main\java\com\mc\web\login\impl\LoginServiceImpl.java
M cms\src\main\java\com\mc\web\search\SearchHelper.java
M cms\src\main\java\com\mc\web\search\impl\SearchServiceImpl.java
M cms\src\main\resources\script\altibase\ddl\cms_create.sql
M cms\src\main\resources\script\altibase\dml\cms_insert.sql
M cms\src\main\resources\script\cubrid\ddl\cms_create.sql
M cms\src\main\resources\script\cubrid\dml\cms_insert.sql
M cms\src\main\resources\script\mysql\ddl\cms_create.sql
M cms\src\main\resources\script\mysql\dml\cms_insert.sql
M cms\src\main\resources\script\oracle\dml\cms_insert.sql
M cms\src\main\resources\script\tibero\ddl\cms_create.sql
M cms\src\main\resources\script\tibero\dml\cms_insert.sql
M cms\src\main\resources\spring\appServlet\servlet-context.xml
M cms\src\main\resources\spring\context-security.xml
M cms\src\main\resources\sqlmap\altibase\user.xml
M cms\src\main\resources\sqlmap\cubrid\user.xml
M cms\src\main\resources\sqlmap\mysql\menu.xml
M cms\src\main\resources\sqlmap\mysql\user.xml
M cms\src\main\resources\sqlmap\oracle\user.xml
M cms\src\main\resources\sqlmap\tibero\user.xml
M cms\src\main\webapp\WEB-INF\jsp\inc\header.jsp
M cms\src\main\webapp\WEB-INF\jsp\inc\sub\header.jsp
M cms\src\main\webapp\WEB-INF\jsp\layout\admin.jsp
M cms\src\main\webapp\WEB-INF\jsp\super\homepage\article\common_module\listCtrl.jsp
M cms\src\main\webapp\WEB-INF\jsp\super\homepage\article\common_module\modifyCtrl.jsp
M cms\src\main\webapp\WEB-INF\jsp\super\homepage\article\index.jsp
M cms\src\main\webapp\WEB-INF\jsp\super\homepage\article\type\A\angularCtrl.jsp
M cms\src\main\webapp\WEB-INF\jsp\super\homepage\article\type\A\list.jsp
M cms\src\main\webapp\WEB-INF\jsp\super\homepage\article\type\A\modify.jsp
M cms\src\main\webapp\WEB-INF\jsp\super\homepage\article\type\A\write.jsp
M cms\src\main\webapp\WEB-INF\jsp\super\homepage\article\type\B\angularCtrl.jsp
M cms\src\main\webapp\WEB-INF\jsp\super\homepage\article\type\B\list.jsp
M cms\src\main\webapp\WEB-INF\jsp\super\homepage\article\type\B\modify.jsp
M cms\src\main\webapp\WEB-INF\jsp\super\homepage\article\type\B\write.jsp
M cms\src\main\webapp\WEB-INF\jsp\super\homepage\article\type\C\angularCtrl.jsp
M cms\src\main\webapp\WEB-INF\jsp\super\homepage\article\type\C\list.jsp
M cms\src\main\webapp\WEB-INF\jsp\super\homepage\article\type\C\modify.jsp
M cms\src\main\webapp\WEB-INF\jsp\super\homepage\article\type\C\write.jsp
M cms\src\main\webapp\WEB-INF\jsp\super\homepage\article\type\D\angularCtrl.jsp
M cms\src\main\webapp\WEB-INF\jsp\super\homepage\article\type\D\list.jsp
M cms\src\main\webapp\WEB-INF\jsp\super\homepage\article\type\D\modify.jsp
M cms\src\main\webapp\WEB-INF\jsp\super\homepage\article\type\D\reply.jsp
M cms\src\main\webapp\WEB-INF\jsp\super\homepage\article\type\D\write.jsp
M cms\src\main\webapp\WEB-INF\jsp\super\homepage\article\type\E\angularCtrl.jsp
M cms\src\main\webapp\WEB-INF\jsp\super\homepage\article\type\E\list.jsp
M cms\src\main\webapp\WEB-INF\jsp\super\homepage\article\type\E\modify.jsp
M cms\src\main\webapp\WEB-INF\jsp\super\homepage\article\type\E\write.jsp
M cms\src\main\webapp\WEB-INF\jsp\super\homepage\article\type\F\angularCtrl.jsp
M cms\src\main\webapp\WEB-INF\jsp\super\homepage\article\type\F\list.jsp
M cms\src\main\webapp\WEB-INF\jsp\super\homepage\article\type\F\modify.jsp
M cms\src\main\webapp\WEB-INF\jsp\super\homepage\article\type\F\write.jsp
M cms\src\main\webapp\WEB-INF\jsp\super\homepage\contentFrm.jsp
M cms\src\main\webapp\WEB-INF\jsp\super\homepage\help.jsp
M cms\src\main\webapp\WEB-INF\jsp\super\homepage\index.jsp
M cms\src\main\webapp\WEB-INF\jsp\super\homepage\left.jsp
M cms\src\main\webapp\WEB-INF\jsp\super\homepage\modify.jsp
M cms\src\main\webapp\WEB-INF\jsp\super\homepage\poll\index.jsp
M cms\src\main\webapp\WEB-INF\jsp\super\homepage\poll\list.jsp
M cms\src\main\webapp\WEB-INF\jsp\super\homepage\poll\modify.jsp
M cms\src\main\webapp\WEB-INF\jsp\super\homepage\poll\result.jsp
M cms\src\main\webapp\WEB-INF\jsp\super\homepage\poll\write.jsp
M cms\src\main\webapp\WEB-INF\jsp\super\homepage\popup\index.jsp
M cms\src\main\webapp\WEB-INF\jsp\super\homepage\write.jsp
M cms\src\main\webapp\WEB-INF\jsp\super\login\index.jsp
M cms\src\main\webapp\WEB-INF\jsp\super\system\analytics\index.jsp
M cms\src\main\webapp\WEB-INF\jsp\super\system\analytics\intro.jsp
M cms\src\main\webapp\WEB-INF\jsp\super\system\analytics\page.jsp
M cms\src\main\webapp\WEB-INF\jsp\super\system\board\index.jsp
M cms\src\main\webapp\WEB-INF\jsp\super\system\board\list.jsp
M cms\src\main\webapp\WEB-INF\jsp\super\system\code\index.jsp
M cms\src\main\webapp\WEB-INF\jsp\super\system\current_user\index.jsp
M cms\src\main\webapp\WEB-INF\jsp\super\system\current_user\list.jsp
M cms\src\main\webapp\WEB-INF\jsp\super\system\email\form_list.jsp
M cms\src\main\webapp\WEB-INF\jsp\super\system\email\index.jsp
M cms\src\main\webapp\WEB-INF\jsp\super\system\email\list.jsp
M cms\src\main\webapp\WEB-INF\jsp\super\system\email\smtp_list.jsp
M cms\src\main\webapp\WEB-INF\jsp\super\system\email\target_list.jsp
M cms\src\main\webapp\WEB-INF\jsp\super\system\email\target_modify.jsp
M cms\src\main\webapp\WEB-INF\jsp\super\system\email\target_write.jsp
M cms\src\main\webapp\WEB-INF\jsp\super\system\filter\index.jsp
M cms\src\main\webapp\WEB-INF\jsp\super\system\holiday\index.jsp
M cms\src\main\webapp\WEB-INF\jsp\super\system\holiday\list.jsp
M cms\src\main\webapp\WEB-INF\jsp\super\system\index.jsp
M cms\src\main\webapp\WEB-INF\jsp\super\system\ipcheck\index.jsp
M cms\src\main\webapp\WEB-INF\jsp\super\system\ipcheck\list.jsp
M cms\src\main\webapp\WEB-INF\jsp\super\system\left.jsp
M cms\src\main\webapp\WEB-INF\jsp\super\system\member\groupSelectTemplete.jsp
M cms\src\main\webapp\WEB-INF\jsp\super\system\member\index.jsp
M cms\src\main\webapp\WEB-INF\jsp\super\system\permit\index.jsp
M cms\src\main\webapp\WEB-INF\jsp\super\system\permit\list.jsp
M cms\src\main\webapp\WEB-INF\jsp\super\system\personal_filter\detail.jsp
M cms\src\main\webapp\WEB-INF\jsp\super\system\personal_filter\index.jsp
M cms\src\main\webapp\WEB-INF\jsp\super\system\personal_filter\report.jsp
M cms\src\main\webapp\WEB-INF\jsp\super\system\personal_filter\setting.jsp
M cms\src\main\webapp\WEB-INF\jsp\super\system\popup\layerdisplay\index.jsp
M cms\src\main\webapp\WEB-INF\jsp\super\system\popup\layerdisplay\list.jsp
M cms\src\main\webapp\WEB-INF\jsp\super\system\popup\maindisplay\index.jsp
M cms\src\main\webapp\WEB-INF\jsp\super\system\popup\maindisplay\list.jsp
M cms\src\main\webapp\WEB-INF\jsp\super\system\program\index.jsp
M cms\src\main\webapp\WEB-INF\jsp\super\system\program\list.jsp
M cms\src\main\webapp\WEB-INF\jsp\super\system\reserve\index.jsp
M cms\src\main\webapp\WEB-INF\jsp\super\system\reserve\list.jsp
M cms\src\main\webapp\WEB-INF\jsp\super\system\satisfaction\index.jsp
M cms\src\main\webapp\WEB-INF\jsp\super\system\satisfaction\list.jsp
M cms\src\main\webapp\WEB-INF\jsp\super\system\site\index.jsp
M cms\src\main\webapp\WEB-INF\jsp\super\system\site\list.jsp
M cms\src\main\webapp\WEB-INF\jsp\super\system\sns_account\index.jsp
M cms\src\main\webapp\WEB-INF\jsp\super\system\sns_account\modify.jsp
M cms\src\main\webapp\WEB-INF\jsp\super\system\tracking\index.jsp
M cms\src\main\webapp\WEB-INF\jsp\super\system\wsi\EgovWebStandardInspection.jsp
M cms\src\main\webapp\WEB-INF\jsp\total\search.jsp
M cms\src\main\webapp\WEB-INF\sitemesh3.xml
M cms\src\main\webapp\lib\css\admin.css
M cms\src\main\webapp\lib\css\cmsadmin.css
M cms\src\main\webapp\lib\css\jquery.datetimepicker.css
M cms\src\main\webapp\lib\js\directives\myUtil.js
M cms\src\main\webapp\lib\js\filter2.js
M cms\src\main\webapp\lib\js\jquery.datetimepicker.js
M cms\src\main\webapp\lib\js\mc.js
M cms\src\main\webapp\lib\js\partials\adminComment.html
M cms\src\main\webapp\lib\js\partials\comments.html
M cms\src\main\webapp\lib\js\partials\event_itemSearch.html
M cms\src\main\webapp\lib\js\partials\templateSearch.html
M cms\src\main\webapp\lib\js\services\myCommon.js
M cms\src\main\webapp\robots.txt
M cms\src\main\webapp\super\index.jsp

A cms\src\main\webapp\WEB-INF\jsp\super
A cms\src\main\webapp\images\super
A cms\src\main\webapp\super

D cms\src\main\webapp\WEB-INF\jsp\admin
D cms\src\main\webapp\admin
D cms\src\main\webapp\images\admin


2017. 2. 23. 오후 6:24:09
===============================================================================
M cms\src\main\webapp\WEB-INF\jsp\layout\admin.jsp
M cms\src\main\webapp\WEB-INF\jsp\super\homepage\left.jsp
M cms\src\main\webapp\WEB-INF\jsp\super\login\index.jsp
M cms\src\main\webapp\WEB-INF\jsp\super\login\login_fail.jsp

D cms\src\main\webapp\WEB-INF\jsp\calendar


2017. 2. 23. 오후 6:24:32
===============================================================================
M cms\src\main\webapp\WEB-INF\jsp\layout\admin.jsp
M cms\src\main\webapp\WEB-INF\jsp\super\homepage\left.jsp
M cms\src\main\webapp\WEB-INF\jsp\super\login\index.jsp
M cms\src\main\webapp\WEB-INF\jsp\super\login\login_fail.jsp

D cms\src\main\webapp\WEB-INF\jsp\calendar


2017. 2. 24. 오후 3:06:44
===============================================================================
M cms\src\main\java\com\mc\web\main\MainController.java
M cms\src\main\java\com\mc\web\search\SearchController.java
M cms\src\main\java\com\mc\web\sitemap\impl\SiteMapImpl.java
M cms\src\main\webapp\WEB-INF\jsp\layout\admin.jsp
M cms\src\main\webapp\WEB-INF\jsp\layout\lay1.jsp
M cms\src\main\webapp\WEB-INF\jsp\layout\lay2.jsp
M cms\src\main\webapp\WEB-INF\jsp\layout\lay3.jsp
M cms\src\main\webapp\WEB-INF\jsp\layout\lay4.jsp
M cms\src\main\webapp\WEB-INF\jsp\layout\main.jsp
M cms\src\main\webapp\WEB-INF\jsp\sitemap\intro.jsp
M cms\src\main\webapp\WEB-INF\jsp\super\system\index.jsp

D cms\.settings\org.eclipse.core.resources.prefs


2017. 2. 27. 오후 1:58:58
===============================================================================
M cms\src\main\webapp\WEB-INF\jsp\layout\admin.jsp
M cms\src\main\webapp\WEB-INF\jsp\super\homepage\article\type\F\modify.jsp
M cms\src\main\webapp\WEB-INF\jsp\super\homepage\article\type\F\write.jsp
M cms\src\main\webapp\WEB-INF\jsp\super\homepage\poll\index.jsp
M cms\src\main\webapp\WEB-INF\jsp\super\homepage\poll\modify.jsp
M cms\src\main\webapp\WEB-INF\jsp\super\homepage\poll\write.jsp
M cms\src\main\webapp\WEB-INF\jsp\super\homepage\popup\index.jsp
M cms\src\main\webapp\WEB-INF\jsp\super\system\analytics\index.jsp
M cms\src\main\webapp\WEB-INF\jsp\super\system\analytics\intro.jsp
M cms\src\main\webapp\WEB-INF\jsp\super\system\analytics\page.jsp
M cms\src\main\webapp\WEB-INF\jsp\super\system\holiday\index.jsp
M cms\src\main\webapp\WEB-INF\jsp\super\system\holiday\modify.jsp
M cms\src\main\webapp\WEB-INF\jsp\super\system\holiday\write.jsp
M cms\src\main\webapp\WEB-INF\jsp\super\system\member\index.jsp
M cms\src\main\webapp\WEB-INF\jsp\super\system\personal_filter\detail.jsp
M cms\src\main\webapp\WEB-INF\jsp\super\system\personal_filter\index.jsp
M cms\src\main\webapp\WEB-INF\jsp\super\system\personal_filter\report.jsp
M cms\src\main\webapp\WEB-INF\jsp\super\system\popup\layerdisplay\index.jsp
M cms\src\main\webapp\WEB-INF\jsp\super\system\popup\layerdisplay\modify.jsp
M cms\src\main\webapp\WEB-INF\jsp\super\system\popup\layerdisplay\write.jsp
M cms\src\main\webapp\WEB-INF\jsp\super\system\popup\maindisplay\index.jsp
M cms\src\main\webapp\WEB-INF\jsp\super\system\popup\maindisplay\modify.jsp
M cms\src\main\webapp\WEB-INF\jsp\super\system\popup\maindisplay\write.jsp
M cms\src\main\webapp\WEB-INF\jsp\super\system\satisfaction\index.jsp
M cms\src\main\webapp\WEB-INF\jsp\super\system\satisfaction\list.jsp
M cms\src\main\webapp\WEB-INF\jsp\super\system\tracking\index.jsp
M cms\src\main\webapp\lib\js\directives\myUtil.js
M cms\src\main\webapp\lib\js\jquery.blockUI.js
M cms\src\main\webapp\lib\js\mc.js

D cms\src\main\java\com\mc\web\calendar
D cms\src\main\webapp\WEB-INF\lib\javaplanner-1.5.jar


2017. 2. 28. 오후 2:13:50
===============================================================================
M cms\src\main\webapp\WEB-INF\jsp\layout\admin.jsp
M cms\src\main\webapp\WEB-INF\jsp\super\homepage\article\type\A\modify.jsp
M cms\src\main\webapp\WEB-INF\jsp\super\homepage\article\type\A\write.jsp
M cms\src\main\webapp\WEB-INF\jsp\super\homepage\article\type\B\modify.jsp
M cms\src\main\webapp\WEB-INF\jsp\super\homepage\article\type\B\write.jsp
M cms\src\main\webapp\WEB-INF\jsp\super\homepage\article\type\C\modify.jsp
M cms\src\main\webapp\WEB-INF\jsp\super\homepage\article\type\C\write.jsp
M cms\src\main\webapp\WEB-INF\jsp\super\homepage\article\type\D\modify.jsp
M cms\src\main\webapp\WEB-INF\jsp\super\homepage\article\type\D\reply.jsp
M cms\src\main\webapp\WEB-INF\jsp\super\homepage\article\type\D\write.jsp
M cms\src\main\webapp\WEB-INF\jsp\super\homepage\article\type\E\modify.jsp
M cms\src\main\webapp\WEB-INF\jsp\super\homepage\article\type\E\write.jsp
M cms\src\main\webapp\WEB-INF\jsp\super\homepage\article\type\F\modify.jsp
M cms\src\main\webapp\WEB-INF\jsp\super\homepage\article\type\F\write.jsp
M cms\src\main\webapp\WEB-INF\jsp\super\homepage\contentFrm.jsp
M cms\src\main\webapp\WEB-INF\jsp\super\homepage\help.jsp
M cms\src\main\webapp\WEB-INF\jsp\super\homepage\modify.jsp
M cms\src\main\webapp\WEB-INF\jsp\super\homepage\poll\modify.jsp
M cms\src\main\webapp\WEB-INF\jsp\super\homepage\poll\write.jsp
M cms\src\main\webapp\WEB-INF\jsp\super\homepage\write.jsp
M cms\src\main\webapp\WEB-INF\jsp\super\system\email\form_modify.jsp
M cms\src\main\webapp\WEB-INF\jsp\super\system\email\form_write.jsp
M cms\src\main\webapp\WEB-INF\jsp\super\system\email\modify.jsp
M cms\src\main\webapp\WEB-INF\jsp\super\system\email\write.jsp
M cms\src\main\webapp\lib\js\directives\myEditor.js
M cms\src\main\webapp\lib\js\mc.js

A cms\src\main\webapp\lib\se2\SmartEditor2.html
A cms\src\main\webapp\lib\se2\SmartEditor2Skin.html
A cms\src\main\webapp\lib\se2\SmartEditor2Skin_en_US.html
A cms\src\main\webapp\lib\se2\SmartEditor2Skin_ja_JP.html
A cms\src\main\webapp\lib\se2\SmartEditor2Skin_ko_KR.html
A cms\src\main\webapp\lib\se2\SmartEditor2Skin_zh_CN.html
A cms\src\main\webapp\lib\se2\SmartEditor2Skin_zh_TW.html
A cms\src\main\webapp\lib\se2\SmartEditor2noframe.html
A cms\src\main\webapp\lib\se2\css\en_US\smart_editor2.css
A cms\src\main\webapp\lib\se2\css\en_US\smart_editor2_in.css
A cms\src\main\webapp\lib\se2\css\en_US\smart_editor2_items.css
A cms\src\main\webapp\lib\se2\css\en_US\smart_editor2_out.css
A cms\src\main\webapp\lib\se2\css\ja_JP\smart_editor2.css
A cms\src\main\webapp\lib\se2\css\ja_JP\smart_editor2_in.css
A cms\src\main\webapp\lib\se2\css\ja_JP\smart_editor2_items.css
A cms\src\main\webapp\lib\se2\css\ja_JP\smart_editor2_out.css
A cms\src\main\webapp\lib\se2\css\ko_KR\smart_editor2.css
A cms\src\main\webapp\lib\se2\css\ko_KR\smart_editor2_in.css
A cms\src\main\webapp\lib\se2\css\ko_KR\smart_editor2_items.css
A cms\src\main\webapp\lib\se2\css\ko_KR\smart_editor2_out.css
A cms\src\main\webapp\lib\se2\css\zh_CN\smart_editor2.css
A cms\src\main\webapp\lib\se2\css\zh_CN\smart_editor2_in.css
A cms\src\main\webapp\lib\se2\css\zh_CN\smart_editor2_items.css
A cms\src\main\webapp\lib\se2\css\zh_CN\smart_editor2_out.css
A cms\src\main\webapp\lib\se2\css\zh_TW\smart_editor2.css
A cms\src\main\webapp\lib\se2\css\zh_TW\smart_editor2_in.css
A cms\src\main\webapp\lib\se2\css\zh_TW\smart_editor2_items.css
A cms\src\main\webapp\lib\se2\css\zh_TW\smart_editor2_out.css
A cms\src\main\webapp\lib\se2\img\bg_b1.png
A cms\src\main\webapp\lib\se2\img\bg_button.gif
A cms\src\main\webapp\lib\se2\img\bg_button_left.gif
A cms\src\main\webapp\lib\se2\img\bg_button_right.gif
A cms\src\main\webapp\lib\se2\img\bg_find_h3.gif
A cms\src\main\webapp\lib\se2\img\bg_help.gif
A cms\src\main\webapp\lib\se2\img\bg_line1.gif
A cms\src\main\webapp\lib\se2\img\bg_quote2.gif
A cms\src\main\webapp\lib\se2\img\bg_set.gif
A cms\src\main\webapp\lib\se2\img\bg_spell.gif
A cms\src\main\webapp\lib\se2\img\bg_text_tool.gif
A cms\src\main\webapp\lib\se2\img\bx_set_110302.gif
A cms\src\main\webapp\lib\se2\img\en_US\btn_set.png
A cms\src\main\webapp\lib\se2\img\en_US\text_tool_set.png
A cms\src\main\webapp\lib\se2\img\ico_extend.png
A cms\src\main\webapp\lib\se2\img\icon_set.gif
A cms\src\main\webapp\lib\se2\img\ja_JP\btn_set.png
A cms\src\main\webapp\lib\se2\img\ja_JP\text_tool_set.png
A cms\src\main\webapp\lib\se2\img\ko_KR\btn_set.png
A cms\src\main\webapp\lib\se2\img\ko_KR\text_tool_set.png
A cms\src\main\webapp\lib\se2\img\photoQuickPopup\bg_drag_image.png
A cms\src\main\webapp\lib\se2\img\photoQuickPopup\btn_cancel.png
A cms\src\main\webapp\lib\se2\img\photoQuickPopup\btn_confirm.png
A cms\src\main\webapp\lib\se2\img\photoQuickPopup\btn_confirm2.png
A cms\src\main\webapp\lib\se2\img\photoQuickPopup\btn_del.png
A cms\src\main\webapp\lib\se2\img\photoQuickPopup\btn_find.png
A cms\src\main\webapp\lib\se2\img\zh_CN\btn_set.png
A cms\src\main\webapp\lib\se2\img\zh_CN\text_tool_set.png
A cms\src\main\webapp\lib\se2\img\zh_TW\btn_set.png
A cms\src\main\webapp\lib\se2\img\zh_TW\text_tool_set.png
A cms\src\main\webapp\lib\se2\js\lib\jindo2.all.js
A cms\src\main\webapp\lib\se2\js\lib\jindo_component.js
A cms\src\main\webapp\lib\se2\js\service\HuskyEZCreator.js
A cms\src\main\webapp\lib\se2\js\service\SE2BasicCreator.js
A cms\src\main\webapp\lib\se2\js\service\SE2M_Configuration.js
A cms\src\main\webapp\lib\se2\js\service\hp_SE_OuterIFrameControl.js
A cms\src\main\webapp\lib\se2\js\service\hp_SE_ToolbarToggler.js
A cms\src\main\webapp\lib\se2\js\service\husky_SE2B_Lang_en_US.js
A cms\src\main\webapp\lib\se2\js\service\husky_SE2B_Lang_ja_JP.js
A cms\src\main\webapp\lib\se2\js\service\husky_SE2B_Lang_ko_KR.js
A cms\src\main\webapp\lib\se2\js\service\husky_SE2B_Lang_zh_CN.js
A cms\src\main\webapp\lib\se2\js\service\husky_SE2B_Lang_zh_TW.js
A cms\src\main\webapp\lib\se2\js\smarteditor2.js
A cms\src\main\webapp\lib\se2\js\smarteditor2.min.js
A cms\src\main\webapp\lib\se2\photo_uploader\plugin\hp_SE2M_AttachQuickPhoto.js
A cms\src\main\webapp\lib\se2\photo_uploader\popup\attach_photo.js
A cms\src\main\webapp\lib\se2\photo_uploader\popup\callback.html
A cms\src\main\webapp\lib\se2\photo_uploader\popup\file_uploader.php
A cms\src\main\webapp\lib\se2\photo_uploader\popup\file_uploader_html5.php
A cms\src\main\webapp\lib\se2\photo_uploader\popup\jindo.fileuploader.js
A cms\src\main\webapp\lib\se2\photo_uploader\popup\jindo.min.js
A cms\src\main\webapp\lib\se2\photo_uploader\popup\photo_uploader.html
A cms\src\main\webapp\lib\se2\smart_editor2_inputarea.html
A cms\src\main\webapp\lib\se2\smart_editor2_inputarea_ie8.html

D cms\src\main\webapp\WEB-INF\jsp\super\system\popup


2017. 2. 28. 오후 4:03:19
===============================================================================
M cms\src\main\webapp\WEB-INF\jsp\super\homepage\article\index.jsp
M cms\src\main\webapp\WEB-INF\jsp\super\homepage\poll\index.jsp
M cms\src\main\webapp\WEB-INF\jsp\super\system\board\index.jsp
M cms\src\main\webapp\WEB-INF\jsp\super\system\email\index.jsp
M cms\src\main\webapp\WEB-INF\jsp\super\system\member\index.jsp
M cms\src\main\webapp\WEB-INF\jsp\super\system\personal_filter\index.jsp


2017. 2. 28. 오후 6:25:18
===============================================================================
M cms\src\main\java\com\mc\web\admin\member\UserController.java
M cms\src\main\java\com\mc\web\admin\member\UserService.java
M cms\src\main\java\com\mc\web\admin\member\impl\UserServiceImpl.java
M cms\src\main\webapp\WEB-INF\jsp\layout\admin.jsp

A cms\src\main\webapp\WEB-INF\jsp\super\homepage\member\index.jsp
A cms\src\main\webapp\WEB-INF\jsp\super\homepage\member\modify.jsp


2017. 3. 6. 오전 11:02:12
===============================================================================
M cms\src\main\java\com\mc\web\DownloadUtil.java
M cms\src\main\java\com\mc\web\admin\member\UserController.java
M cms\src\main\java\com\mc\web\admin\member\UserService.java
M cms\src\main\java\com\mc\web\admin\member\impl\UserServiceImpl.java
M cms\src\main\java\com\mc\web\common\FileUtil.java
M cms\src\main\java\com\mc\web\login\LoginDAO.java
M cms\src\main\java\com\mc\web\login\impl\LoginServiceImpl.java
M cms\src\main\resources\script\altibase\ddl\cms_create.sql
M cms\src\main\resources\script\cubrid\ddl\cms_create.sql
M cms\src\main\resources\script\mysql\ddl\cms_create.sql
M cms\src\main\resources\script\oracle\ddl\cms_create.sql
M cms\src\main\resources\script\tibero\ddl\cms_create.sql
M cms\src\main\resources\sqlmap\altibase\user.xml
M cms\src\main\resources\sqlmap\cubrid\user.xml
M cms\src\main\resources\sqlmap\mysql\user.xml
M cms\src\main\resources\sqlmap\oracle\user.xml
M cms\src\main\resources\sqlmap\tibero\user.xml
M cms\src\main\webapp\WEB-INF\jsp\super\login\index.jsp
M cms\src\main\webapp\WEB-INF\jsp\super\system\member\index.jsp


2017. 3. 10. 오후 3:52:35
===============================================================================
M cms\src\main\java\com\mc\web\bbs\A\BbsAController.java
M cms\src\main\webapp\WEB-INF\jsp\bbs\A\list.jsp
M cms\src\main\webapp\WEB-INF\jsp\inc\paging.jsp
M cms\src\main\webapp\WEB-INF\jsp\inc\paging_js.jsp
M cms\src\main\webapp\lib\js\bbs.js

D cms\src\main\java\com\mc\web\interceptor\AnalyticsInterceptor.java


2017. 3. 13. 오전 9:31:25
===============================================================================
M cms\src\main\resources\sqlmap\mysql\bbs.xml
M cms\src\main\webapp\WEB-INF\jsp\super\homepage\bbs\A\list.jsp
M cms\src\main\webapp\WEB-INF\jsp\super\homepage\bbs\A\listCtrl.jsp
M cms\src\main\webapp\WEB-INF\jsp\super\homepage\bbs\B\list.jsp
M cms\src\main\webapp\WEB-INF\jsp\super\homepage\bbs\B\listCtrl.jsp
M cms\src\main\webapp\WEB-INF\jsp\super\homepage\bbs\C\list.jsp
M cms\src\main\webapp\WEB-INF\jsp\super\homepage\bbs\C\listCtrl.jsp
M cms\src\main\webapp\WEB-INF\jsp\super\homepage\bbs\D\list.jsp
M cms\src\main\webapp\WEB-INF\jsp\super\homepage\bbs\D\listCtrl.jsp
M cms\src\main\webapp\WEB-INF\jsp\super\homepage\bbs\E\list.jsp
M cms\src\main\webapp\WEB-INF\jsp\super\homepage\bbs\E\listCtrl.jsp

D cms\src\main\webapp\WEB-INF\jsp\super\homepage\article


2017. 3. 13. 오전 9:39:09
===============================================================================
M cms\src\main\webapp\WEB-INF\jsp\docview\preview.jsp
M cms\src\main\webapp\WEB-INF\jsp\help\intro.jsp
M cms\src\main\webapp\WEB-INF\jsp\layout\admin.jsp
M cms\src\main\webapp\WEB-INF\jsp\layout\lay1.jsp
M cms\src\main\webapp\WEB-INF\jsp\layout\lay1_preview.jsp
M cms\src\main\webapp\WEB-INF\jsp\layout\lay2.jsp
M cms\src\main\webapp\WEB-INF\jsp\layout\lay2_preview.jsp
M cms\src\main\webapp\WEB-INF\jsp\layout\lay3.jsp
M cms\src\main\webapp\WEB-INF\jsp\layout\lay4.jsp
M cms\src\main\webapp\WEB-INF\jsp\layout\main.jsp
M cms\src\main\webapp\WEB-INF\jsp\layout\micro_lay1.jsp
M cms\src\main\webapp\WEB-INF\jsp\layout\micro_lay2.jsp
M cms\src\main\webapp\WEB-INF\jsp\layout\micro_main.jsp

A cms\src\main\webapp\lib\js\jquery-migrate.min.js

D cms\src\main\webapp\lib\js\jquery-migrate-1.2.1.min.js


2017. 3. 13. 오전 11:28:02
===============================================================================
M cms\src\main\java\com\mc\web\bbs\A\impl\BbsAServiceImpl.java
M cms\src\main\java\com\mc\web\bbs\B\impl\BbsBServiceImpl.java
M cms\src\main\java\com\mc\web\bbs\BbsServiceAbst.java
M cms\src\main\java\com\mc\web\bbs\C\impl\BbsCServiceImpl.java
M cms\src\main\java\com\mc\web\bbs\D\impl\BbsDServiceImpl.java
M cms\src\main\java\com\mc\web\bbs\E\impl\BbsEServiceImpl.java
M cms\src\main\java\com\mc\web\interceptor\PageAuthInterceptor.java
M cms\src\main\resources\sqlmap\altibase\menu.xml
M cms\src\main\resources\sqlmap\cubrid\menu.xml
M cms\src\main\resources\sqlmap\mysql\bbs.xml
M cms\src\main\resources\sqlmap\mysql\menu.xml
M cms\src\main\resources\sqlmap\oracle\menu.xml
M cms\src\main\resources\sqlmap\tibero\menu.xml
M cms\src\main\webapp\WEB-INF\jsp\super\homepage\modify.jsp
M cms\src\main\webapp\WEB-INF\jsp\super\system\program\index.jsp
M cms\src\main\webapp\WEB-INF\jsp\super\system\program\list.jsp

A cms\src\main\webapp\upload\board\2017


2017. 3. 15. 오전 11:36:09
===============================================================================
M cms\src\main\java\com\mc\web\admin\bbs\A\impl\AdminBbsAServiceImpl.java
M cms\src\main\java\com\mc\web\admin\bbs\AdminBbsHelper.java
M cms\src\main\java\com\mc\web\admin\bbs\B\impl\AdminBbsBServiceImpl.java
M cms\src\main\java\com\mc\web\admin\bbs\C\impl\AdminBbsCServiceImpl.java
M cms\src\main\java\com\mc\web\admin\bbs\D\impl\AdminBbsDServiceImpl.java
M cms\src\main\java\com\mc\web\admin\bbs\E\impl\AdminBbsEServiceImpl.java
M cms\src\main\java\com\mc\web\admin\filter\FilterController.java
M cms\src\main\java\com\mc\web\admin\filter\FilterDAO.java
M cms\src\main\java\com\mc\web\admin\filter\FilterHelper.java
M cms\src\main\java\com\mc\web\admin\filter\FilterService.java
M cms\src\main\java\com\mc\web\admin\filter\impl\FilterServiceImpl.java
M cms\src\main\java\com\mc\web\interceptor\AdminLoginInterceptor.java
M cms\src\main\java\com\mc\web\interceptor\IpCehckInterceptor.java
M cms\src\main\java\com\mc\web\interceptor\PageAuthInterceptor.java
M cms\src\main\resources\spring\appServlet\servlet-context.xml
M cms\src\main\resources\sqlmap\mysql\filter.xml
M cms\src\main\webapp\WEB-INF\jsp\bbs\A\insertForm.jsp
M cms\src\main\webapp\WEB-INF\jsp\super\homepage\bbs\A\modifyCtrl.jsp
M cms\src\main\webapp\WEB-INF\jsp\super\homepage\bbs\A\writeCtrl.jsp
M cms\src\main\webapp\WEB-INF\jsp\super\homepage\bbs\B\modifyCtrl.jsp
M cms\src\main\webapp\WEB-INF\jsp\super\homepage\bbs\B\writeCtrl.jsp
M cms\src\main\webapp\WEB-INF\jsp\super\homepage\bbs\C\modifyCtrl.jsp
M cms\src\main\webapp\WEB-INF\jsp\super\homepage\bbs\C\writeCtrl.jsp
M cms\src\main\webapp\WEB-INF\jsp\super\homepage\bbs\D\modifyCtrl.jsp
M cms\src\main\webapp\WEB-INF\jsp\super\homepage\bbs\D\replyCtrl.jsp
M cms\src\main\webapp\WEB-INF\jsp\super\homepage\bbs\D\writeCtrl.jsp
M cms\src\main\webapp\WEB-INF\jsp\super\homepage\bbs\E\modifyCtrl.jsp
M cms\src\main\webapp\WEB-INF\jsp\super\homepage\bbs\E\writeCtrl.jsp
M cms\src\main\webapp\WEB-INF\jsp\super\homepage\bbs\index.jsp
M cms\src\main\webapp\WEB-INF\jsp\super\system\filter\index.jsp
M cms\src\main\webapp\lib\js\route\boardRouteResolver.js

A cms\src\main\java\com\mc\web\interceptor\WordFilterInterceptor.java
A cms\src\main\webapp\WEB-INF\jsp\forbiddenWordFailure.jsp
A cms\src\main\webapp\WEB-INF\jsp\super\system\filter\report.jsp
A cms\src\main\webapp\WEB-INF\jsp\super\system\filter\reportCtrl.jsp
A cms\src\main\webapp\WEB-INF\jsp\super\system\filter\setting.jsp
A cms\src\main\webapp\WEB-INF\jsp\super\system\filter\settingCtrl.jsp
A cms\src\main\webapp\lib\js\partials\wordFailure.html
A cms\src\main\webapp\lib\js\route\routeResolver.js
A cms\src\main\webapp\lib\js\services\filterService.js
A cms\src\main\webapp\upload\board\2017\03


2017. 3. 15. 오후 3:02:48
===============================================================================
M cms\src\main\java\com\mc\web\admin\bbs\A\impl\AdminBbsAServiceImpl.java
M cms\src\main\java\com\mc\web\admin\bbs\AdminBbsHelper.java
M cms\src\main\java\com\mc\web\admin\bbs\B\impl\AdminBbsBServiceImpl.java
M cms\src\main\java\com\mc\web\admin\bbs\C\impl\AdminBbsCServiceImpl.java
M cms\src\main\java\com\mc\web\admin\bbs\D\impl\AdminBbsDServiceImpl.java
M cms\src\main\java\com\mc\web\admin\bbs\E\impl\AdminBbsEServiceImpl.java
M cms\src\main\java\com\mc\web\admin\filter\FilterController.java
M cms\src\main\java\com\mc\web\admin\filter\FilterDAO.java
M cms\src\main\java\com\mc\web\admin\filter\FilterHelper.java
M cms\src\main\java\com\mc\web\admin\filter\FilterService.java
M cms\src\main\java\com\mc\web\admin\filter\impl\FilterServiceImpl.java
M cms\src\main\java\com\mc\web\interceptor\AdminLoginInterceptor.java
M cms\src\main\java\com\mc\web\interceptor\IpCehckInterceptor.java
M cms\src\main\java\com\mc\web\interceptor\PageAuthInterceptor.java
M cms\src\main\resources\script\altibase\ddl\cms_create.sql
M cms\src\main\resources\script\altibase\dml\cms_insert.sql
M cms\src\main\resources\script\cubrid\ddl\cms_create.sql
M cms\src\main\resources\script\cubrid\dml\cms_insert.sql
M cms\src\main\resources\script\mysql\ddl\cms_create.sql
M cms\src\main\resources\script\mysql\dml\cms_insert.sql
M cms\src\main\resources\script\oracle\ddl\cms_create.sql
M cms\src\main\resources\script\oracle\dml\cms_insert.sql
M cms\src\main\resources\script\tibero\ddl\cms_create.sql
M cms\src\main\resources\script\tibero\dml\cms_insert.sql
M cms\src\main\resources\spring\appServlet\servlet-context.xml
M cms\src\main\resources\sqlmap\altibase\filter.xml
M cms\src\main\resources\sqlmap\cubrid\filter.xml
M cms\src\main\resources\sqlmap\mysql\filter.xml
M cms\src\main\resources\sqlmap\oracle\filter.xml
M cms\src\main\resources\sqlmap\tibero\filter.xml
M cms\src\main\webapp\WEB-INF\jsp\bbs\A\insertForm.jsp
M cms\src\main\webapp\WEB-INF\jsp\super\homepage\bbs\A\modifyCtrl.jsp
M cms\src\main\webapp\WEB-INF\jsp\super\homepage\bbs\A\writeCtrl.jsp
M cms\src\main\webapp\WEB-INF\jsp\super\homepage\bbs\B\modifyCtrl.jsp
M cms\src\main\webapp\WEB-INF\jsp\super\homepage\bbs\B\writeCtrl.jsp
M cms\src\main\webapp\WEB-INF\jsp\super\homepage\bbs\C\modifyCtrl.jsp
M cms\src\main\webapp\WEB-INF\jsp\super\homepage\bbs\C\writeCtrl.jsp
M cms\src\main\webapp\WEB-INF\jsp\super\homepage\bbs\D\modifyCtrl.jsp
M cms\src\main\webapp\WEB-INF\jsp\super\homepage\bbs\D\replyCtrl.jsp
M cms\src\main\webapp\WEB-INF\jsp\super\homepage\bbs\D\writeCtrl.jsp
M cms\src\main\webapp\WEB-INF\jsp\super\homepage\bbs\E\modifyCtrl.jsp
M cms\src\main\webapp\WEB-INF\jsp\super\homepage\bbs\E\writeCtrl.jsp
M cms\src\main\webapp\WEB-INF\jsp\super\homepage\bbs\index.jsp
M cms\src\main\webapp\WEB-INF\jsp\super\system\filter\index.jsp
M cms\src\main\webapp\WEB-INF\jsp\super\system\left.jsp
M cms\src\main\webapp\lib\js\route\boardRouteResolver.js

A cms\src\main\java\com\mc\web\interceptor\WordFilterInterceptor.java
A cms\src\main\webapp\WEB-INF\jsp\forbiddenWordFailure.jsp
A cms\src\main\webapp\WEB-INF\jsp\super\system\filter\report.jsp
A cms\src\main\webapp\WEB-INF\jsp\super\system\filter\reportCtrl.jsp
A cms\src\main\webapp\WEB-INF\jsp\super\system\filter\setting.jsp
A cms\src\main\webapp\WEB-INF\jsp\super\system\filter\settingCtrl.jsp
A cms\src\main\webapp\lib\js\partials\wordFailure.html
A cms\src\main\webapp\lib\js\route\routeResolver.js
A cms\src\main\webapp\lib\js\services\filterService.js
A cms\src\main\webapp\upload\board\2017\03

D cms\src\main\webapp\WEB-INF\jsp\super\system\personal_filter


2017. 3. 15. 오후 6:24:59
===============================================================================
M cms\src\main\java\com\mc\common\util\StringUtil.java
M cms\src\main\java\com\mc\web\common\FileUtil.java
M cms\src\main\java\com\mc\web\schedule\TempFileCleaning.java
M cms\src\main\java\com\mc\web\search\SearchHelper.java
M cms\src\main\java\egovframework\com\cmm\util\EgovUrlRewriteFilter.java
M cms\src\main\webapp\WEB-INF\tlds\StringUtil_fn.tld


2017. 3. 16. 오후 2:56:20
===============================================================================
M cms\src\main\java\com\mc\web\admin\filter\impl\FilterServiceImpl.java
M cms\src\main\webapp\WEB-INF\jsp\bbs\A\insertForm.jsp
M cms\src\main\webapp\WEB-INF\jsp\bbs\A\modifyForm.jsp
M cms\src\main\webapp\WEB-INF\jsp\bbs\B\insertForm.jsp
M cms\src\main\webapp\WEB-INF\jsp\bbs\B\modifyForm.jsp
M cms\src\main\webapp\WEB-INF\jsp\bbs\C\insertForm.jsp
M cms\src\main\webapp\WEB-INF\jsp\bbs\C\modifyForm.jsp
M cms\src\main\webapp\WEB-INF\jsp\bbs\D\insertForm.jsp
M cms\src\main\webapp\WEB-INF\jsp\bbs\D\modifyForm.jsp
M cms\src\main\webapp\WEB-INF\jsp\bbs\D\replyForm.jsp
M cms\src\main\webapp\WEB-INF\jsp\bbs\E\insertForm.jsp
M cms\src\main\webapp\WEB-INF\jsp\bbs\E\modifyForm.jsp
M cms\src\main\webapp\WEB-INF\jsp\super\system\filter\setting.jsp
M cms\src\main\webapp\lib\js\partials\wordFailure.html
M cms\src\main\webapp\lib\js\services\filterService.js

A cms\src\main\webapp\WEB-INF\jsp\inc\wordFailureIframe.jsp
A cms\src\main\webapp\lib\js\jquery.mc_filter.js

D cms\src\main\webapp\lib\js\filter.js


2017. 3. 16. 오후 5:02:30
===============================================================================
M cms\src\main\java\com\mc\web\admin\filter\FilterHelper.java
M cms\src\main\java\com\mc\web\admin\filter\impl\FilterServiceImpl.java
M cms\src\main\resources\sqlmap\altibase\filter.xml
M cms\src\main\resources\sqlmap\cubrid\filter.xml
M cms\src\main\resources\sqlmap\mysql\filter.xml
M cms\src\main\resources\sqlmap\oracle\filter.xml
M cms\src\main\resources\sqlmap\tibero\filter.xml
M cms\src\main\webapp\WEB-INF\jsp\inc\wordFailureIframe.jsp
M cms\src\main\webapp\lib\js\jquery.mc_filter.js
M cms\src\main\webapp\lib\js\partials\wordFailure.html
M cms\src\main\webapp\lib\js\services\filterService.js


2017. 3. 16. 오후 6:21:13
===============================================================================
M cms\src\main\webapp\WEB-INF\jsp\bbs\A\insertForm.jsp
M cms\src\main\webapp\WEB-INF\jsp\bbs\A\modifyForm.jsp
M cms\src\main\webapp\WEB-INF\jsp\bbs\B\insertForm.jsp
M cms\src\main\webapp\WEB-INF\jsp\bbs\B\modifyForm.jsp
M cms\src\main\webapp\WEB-INF\jsp\bbs\C\insertForm.jsp
M cms\src\main\webapp\WEB-INF\jsp\bbs\C\modifyForm.jsp
M cms\src\main\webapp\WEB-INF\jsp\bbs\D\insertForm.jsp
M cms\src\main\webapp\WEB-INF\jsp\bbs\D\modifyForm.jsp
M cms\src\main\webapp\WEB-INF\jsp\bbs\D\replyForm.jsp
M cms\src\main\webapp\WEB-INF\jsp\bbs\E\insertForm.jsp
M cms\src\main\webapp\WEB-INF\jsp\bbs\E\modifyForm.jsp
M cms\src\main\webapp\lib\js\bbs.js
M cms\src\main\webapp\lib\js\jquery.mc_filter.js


2017. 3. 17. 오후 4:50:23
===============================================================================
M cms\src\main\java\com\mc\web\admin\bbs\A\impl\AdminBbsAServiceImpl.java
M cms\src\main\java\com\mc\web\admin\bbs\B\impl\AdminBbsBServiceImpl.java
M cms\src\main\java\com\mc\web\admin\bbs\C\impl\AdminBbsCServiceImpl.java
M cms\src\main\java\com\mc\web\admin\bbs\D\impl\AdminBbsDServiceImpl.java
M cms\src\main\java\com\mc\web\admin\bbs\E\impl\AdminBbsEServiceImpl.java
M cms\src\main\java\com\mc\web\admin\bbs\impl\AdminBbsMainServiceImpl.java
M cms\src\main\java\com\mc\web\admin\filter\FilterDAO.java
M cms\src\main\java\com\mc\web\admin\filter\FilterService.java
M cms\src\main\java\com\mc\web\admin\filter\impl\FilterServiceImpl.java
M cms\src\main\java\com\mc\web\bbs\A\impl\BbsAServiceImpl.java
M cms\src\main\java\com\mc\web\bbs\B\impl\BbsBServiceImpl.java
M cms\src\main\java\com\mc\web\bbs\C\impl\BbsCServiceImpl.java
M cms\src\main\java\com\mc\web\bbs\D\impl\BbsDServiceImpl.java
M cms\src\main\java\com\mc\web\bbs\E\impl\BbsEServiceImpl.java
M cms\src\main\java\com\mc\web\interceptor\WordFilterInterceptor.java
M cms\src\main\resources\sqlmap\mysql\filter.xml
M cms\src\main\webapp\WEB-INF\jsp\forbiddenWordFailure.jsp
M cms\src\main\webapp\WEB-INF\jsp\super\homepage\bbs\index.jsp
M cms\src\main\webapp\WEB-INF\jsp\super\system\filter\setting.jsp
M cms\src\main\webapp\lib\js\jquery.mc_filter.js
M cms\src\main\webapp\lib\js\services\filterService.js


2017. 3. 17. 오후 5:40:47
===============================================================================
M cms\src\main\webapp\WEB-INF\jsp\inc\footer.jsp
M cms\src\main\webapp\WEB-INF\jsp\inc\header.jsp
M cms\src\main\webapp\WEB-INF\jsp\inc\page_manager.jsp
M cms\src\main\webapp\WEB-INF\jsp\index.jsp
M cms\src\main\webapp\WEB-INF\jsp\layout\lay1.jsp
M cms\src\main\webapp\WEB-INF\jsp\layout\lay2.jsp
M cms\src\main\webapp\WEB-INF\jsp\layout\lay3.jsp
M cms\src\main\webapp\WEB-INF\jsp\layout\lay4.jsp
M cms\src\main\webapp\WEB-INF\jsp\layout\main.jsp
M cms\src\main\webapp\images\footer
M cms\src\main\webapp\images\header
M cms\src\main\webapp\images\main\box_1_icon1.png
M cms\src\main\webapp\images\main\box_1_icon2.png
M cms\src\main\webapp\images\main\box_1_icon3.png
M cms\src\main\webapp\images\main\box_1_icon4.png
M cms\src\main\webapp\images\main\t_r_director_img1.gif
M cms\src\main\webapp\images\main\t_r_director_img2.gif
M cms\src\main\webapp\lib\css\article.css
M cms\src\main\webapp\lib\css\common.css
M cms\src\main\webapp\lib\css\main.css
M cms\src\main\webapp\lib\css\sub.css
M cms\src\main\webapp\lib\js\sub_use.js

A cms\src\main\webapp\images\footer\f_logo.png
A cms\src\main\webapp\images\header\logo.gif
A cms\src\main\webapp\images\main\c_con_icon1.gif
A cms\src\main\webapp\images\main\c_con_icon2.gif
A cms\src\main\webapp\images\main\c_con_icon3.gif
A cms\src\main\webapp\images\main\c_con_icon4.gif
A cms\src\main\webapp\images\main\c_con_icon5.gif
A cms\src\main\webapp\images\main\contents.gif
A cms\src\main\webapp\images\main\main_visual01.jpg
A cms\src\main\webapp\images\main\main_visual02.jpg
A cms\src\main\webapp\images\main\tab_img.gif

D cms\src\main\webapp\images\header\logo.png
D cms\src\main\webapp\images\main\c_con_icon1.png
D cms\src\main\webapp\images\main\c_con_icon2.png
D cms\src\main\webapp\images\main\c_con_icon3.png
D cms\src\main\webapp\images\main\c_con_icon4.png


2017. 3. 20. 오전 10:56:36
===============================================================================
M cms\src\main\java\com\mc\common\util\StringUtil.java
M cms\src\main\java\com\mc\web\admin\filter\impl\FilterServiceImpl.java
M cms\src\main\java\com\mc\web\bbs\A\impl\BbsAServiceImpl.java
M cms\src\main\java\com\mc\web\bbs\B\impl\BbsBServiceImpl.java
M cms\src\main\java\com\mc\web\bbs\C\impl\BbsCServiceImpl.java
M cms\src\main\java\com\mc\web\bbs\D\impl\BbsDServiceImpl.java
M cms\src\main\java\com\mc\web\bbs\E\impl\BbsEServiceImpl.java
M cms\src\main\java\com\mc\web\interceptor\WordFilterInterceptor.java
M cms\src\main\webapp\WEB-INF\jsp\bbs\A\insertForm.jsp
M cms\src\main\webapp\WEB-INF\jsp\bbs\A\modifyForm.jsp
M cms\src\main\webapp\WEB-INF\jsp\bbs\B\insertForm.jsp
M cms\src\main\webapp\WEB-INF\jsp\bbs\B\modifyForm.jsp
M cms\src\main\webapp\WEB-INF\jsp\bbs\C\insertForm.jsp
M cms\src\main\webapp\WEB-INF\jsp\bbs\C\modifyForm.jsp
M cms\src\main\webapp\WEB-INF\jsp\bbs\D\insertForm.jsp
M cms\src\main\webapp\WEB-INF\jsp\bbs\D\modifyForm.jsp
M cms\src\main\webapp\WEB-INF\jsp\bbs\D\replyForm.jsp
M cms\src\main\webapp\WEB-INF\jsp\bbs\E\insertForm.jsp
M cms\src\main\webapp\WEB-INF\jsp\bbs\E\modifyForm.jsp
M cms\src\main\webapp\lib\js\jquery.mc_filter.js

A cms\src\main\webapp\lib\js\validation\additional-methods.js
A cms\src\main\webapp\lib\js\validation\additional-methods.min.js
A cms\src\main\webapp\lib\js\validation\jquery.validate.js
A cms\src\main\webapp\lib\js\validation\jquery.validate.min.js
A cms\src\main\webapp\lib\js\validation\messages_ko.js


2017. 3. 20. 오전 10:56:47
===============================================================================
M cms\src\main\java\com\mc\common\util\StringUtil.java
M cms\src\main\java\com\mc\web\admin\filter\impl\FilterServiceImpl.java
M cms\src\main\java\com\mc\web\bbs\A\impl\BbsAServiceImpl.java
M cms\src\main\java\com\mc\web\bbs\B\impl\BbsBServiceImpl.java
M cms\src\main\java\com\mc\web\bbs\C\impl\BbsCServiceImpl.java
M cms\src\main\java\com\mc\web\bbs\D\impl\BbsDServiceImpl.java
M cms\src\main\java\com\mc\web\bbs\E\impl\BbsEServiceImpl.java
M cms\src\main\java\com\mc\web\interceptor\WordFilterInterceptor.java
M cms\src\main\webapp\WEB-INF\jsp\bbs\A\insertForm.jsp
M cms\src\main\webapp\WEB-INF\jsp\bbs\A\modifyForm.jsp
M cms\src\main\webapp\WEB-INF\jsp\bbs\B\insertForm.jsp
M cms\src\main\webapp\WEB-INF\jsp\bbs\B\modifyForm.jsp
M cms\src\main\webapp\WEB-INF\jsp\bbs\C\insertForm.jsp
M cms\src\main\webapp\WEB-INF\jsp\bbs\C\modifyForm.jsp
M cms\src\main\webapp\WEB-INF\jsp\bbs\D\insertForm.jsp
M cms\src\main\webapp\WEB-INF\jsp\bbs\D\modifyForm.jsp
M cms\src\main\webapp\WEB-INF\jsp\bbs\D\replyForm.jsp
M cms\src\main\webapp\WEB-INF\jsp\bbs\E\insertForm.jsp
M cms\src\main\webapp\WEB-INF\jsp\bbs\E\modifyForm.jsp
M cms\src\main\webapp\lib\js\jquery.mc_filter.js

A cms\src\main\webapp\lib\js\validation\additional-methods.js
A cms\src\main\webapp\lib\js\validation\additional-methods.min.js
A cms\src\main\webapp\lib\js\validation\jquery.validate.js
A cms\src\main\webapp\lib\js\validation\jquery.validate.min.js
A cms\src\main\webapp\lib\js\validation\messages_ko.js


2017. 3. 20. 오후 2:18:04
===============================================================================
M cms\src\main\java\com\mc\web\admin\bbs\A\impl\AdminBbsAServiceImpl.java
M cms\src\main\java\com\mc\web\admin\bbs\B\impl\AdminBbsBServiceImpl.java
M cms\src\main\java\com\mc\web\admin\bbs\C\impl\AdminBbsCServiceImpl.java
M cms\src\main\java\com\mc\web\admin\bbs\D\impl\AdminBbsDServiceImpl.java
M cms\src\main\java\com\mc\web\admin\bbs\E\impl\AdminBbsEServiceImpl.java
M cms\src\main\java\com\mc\web\admin\filter\FilterController.java
M cms\src\main\java\com\mc\web\admin\filter\FilterDAO.java
M cms\src\main\java\com\mc\web\admin\filter\FilterService.java
M cms\src\main\java\com\mc\web\admin\filter\impl\FilterServiceImpl.java
M cms\src\main\java\com\mc\web\bbs\A\impl\BbsAServiceImpl.java
M cms\src\main\java\com\mc\web\bbs\B\impl\BbsBServiceImpl.java
M cms\src\main\java\com\mc\web\bbs\C\impl\BbsCServiceImpl.java
M cms\src\main\java\com\mc\web\bbs\D\impl\BbsDServiceImpl.java
M cms\src\main\java\com\mc\web\bbs\E\impl\BbsEServiceImpl.java
M cms\src\main\resources\script\altibase\ddl\cms_create.sql
M cms\src\main\resources\script\cubrid\ddl\cms_create.sql
M cms\src\main\resources\script\mysql\ddl\cms_create.sql
M cms\src\main\resources\script\oracle\ddl\cms_create.sql
M cms\src\main\resources\script\tibero\ddl\cms_create.sql
M cms\src\main\resources\sqlmap\altibase\filter.xml
M cms\src\main\resources\sqlmap\cubrid\filter.xml
M cms\src\main\resources\sqlmap\mysql\filter.xml
M cms\src\main\resources\sqlmap\oracle\filter.xml
M cms\src\main\resources\sqlmap\tibero\filter.xml
M cms\src\main\webapp\WEB-INF\jsp\bbs\A\modifyForm.jsp
M cms\src\main\webapp\WEB-INF\jsp\bbs\B\insertForm.jsp
M cms\src\main\webapp\WEB-INF\jsp\bbs\B\modifyForm.jsp
M cms\src\main\webapp\WEB-INF\jsp\bbs\C\insertForm.jsp
M cms\src\main\webapp\WEB-INF\jsp\bbs\C\modifyForm.jsp
M cms\src\main\webapp\WEB-INF\jsp\bbs\D\insertForm.jsp
M cms\src\main\webapp\WEB-INF\jsp\bbs\D\modifyForm.jsp
M cms\src\main\webapp\WEB-INF\jsp\bbs\D\replyForm.jsp
M cms\src\main\webapp\WEB-INF\jsp\bbs\E\insertForm.jsp
M cms\src\main\webapp\WEB-INF\jsp\bbs\E\modifyForm.jsp
M cms\src\main\webapp\WEB-INF\jsp\super\system\filter\index.jsp
M cms\src\main\webapp\WEB-INF\jsp\super\system\filter\report.jsp

A cms\src\main\webapp\WEB-INF\jsp\super\system\filter\detail.jsp
A cms\src\main\webapp\WEB-INF\jsp\super\system\filter\detailCtrl.jsp


2017. 3. 24. 오전 9:49:35
===============================================================================
M cms\src\main\webapp\WEB-INF\jsp\bbs\A\insertForm.jsp
M cms\src\main\webapp\WEB-INF\jsp\bbs\A\list.jsp
M cms\src\main\webapp\WEB-INF\jsp\bbs\A\modifyForm.jsp
M cms\src\main\webapp\WEB-INF\jsp\bbs\A\view.jsp
M cms\src\main\webapp\WEB-INF\jsp\bbs\B\insertForm.jsp
M cms\src\main\webapp\WEB-INF\jsp\bbs\B\list.jsp
M cms\src\main\webapp\WEB-INF\jsp\bbs\B\modifyForm.jsp
M cms\src\main\webapp\WEB-INF\jsp\bbs\B\view.jsp
M cms\src\main\webapp\WEB-INF\jsp\bbs\C\insertForm.jsp
M cms\src\main\webapp\WEB-INF\jsp\bbs\C\list.jsp
M cms\src\main\webapp\WEB-INF\jsp\bbs\C\modifyForm.jsp
M cms\src\main\webapp\WEB-INF\jsp\bbs\C\view.jsp
M cms\src\main\webapp\WEB-INF\jsp\bbs\D\insertForm.jsp
M cms\src\main\webapp\WEB-INF\jsp\bbs\D\list.jsp
M cms\src\main\webapp\WEB-INF\jsp\bbs\D\modifyForm.jsp
M cms\src\main\webapp\WEB-INF\jsp\bbs\D\replyForm.jsp
M cms\src\main\webapp\WEB-INF\jsp\bbs\D\view.jsp
M cms\src\main\webapp\WEB-INF\jsp\bbs\E\insertForm.jsp
M cms\src\main\webapp\WEB-INF\jsp\bbs\E\list.jsp
M cms\src\main\webapp\WEB-INF\jsp\bbs\E\modifyForm.jsp
M cms\src\main\webapp\WEB-INF\jsp\bbs\E\view.jsp
M cms\src\main\webapp\WEB-INF\jsp\inc\header.jsp
M cms\src\main\webapp\WEB-INF\jsp\index.jsp
M cms\src\main\webapp\WEB-INF\jsp\layout\lay1.jsp
M cms\src\main\webapp\WEB-INF\jsp\layout\lay2.jsp
M cms\src\main\webapp\WEB-INF\jsp\layout\lay3.jsp
M cms\src\main\webapp\WEB-INF\jsp\total\search.jsp
M cms\src\main\webapp\images\main
M cms\src\main\webapp\images\sub
M cms\src\main\webapp\lib\css\article.css
M cms\src\main\webapp\lib\css\base.css
M cms\src\main\webapp\lib\css\common.css
M cms\src\main\webapp\lib\css\main.css
M cms\src\main\webapp\lib\css\sub.css

A cms\src\main\webapp\images\main\main_visual_m1.gif
A cms\src\main\webapp\images\main\main_visual_m2.gif
A cms\src\main\webapp\images\sub\move_btn.gif


2017. 3. 24. 오전 10:08:30
===============================================================================
M cms\src\main\webapp\images\footer
M cms\src\main\webapp\images\header
M cms\src\main\webapp\lib\js

A cms\src\main\webapp\images\footer\blog.gif
A cms\src\main\webapp\images\footer\facebook.gif
A cms\src\main\webapp\images\footer\twitter.gif
A cms\src\main\webapp\images\header\close_btn.gif
A cms\src\main\webapp\images\header\header_bg.gif
A cms\src\main\webapp\images\header\sch_btn.gif
A cms\src\main\webapp\lib\js\main.js

D cms\src\main\webapp\images\footer\f_li_bg.gif
D cms\src\main\webapp\images\footer\f_logo.gif
D cms\src\main\webapp\images\footer\f_logo.png
D cms\src\main\webapp\images\header\h2_s_btn.gif
D cms\src\main\webapp\images\header\img201503041_03.png
D cms\src\main\webapp\images\header\main_h_title.gif
D cms\src\main\webapp\images\header\mt_search_btn.png
D cms\src\main\webapp\images\header\util_navi_f_li_bg.gif
D cms\src\main\webapp\images\header\util_navi_li_bg.gif
D cms\src\main\webapp\images\header\zoom_in.gif
D cms\src\main\webapp\images\header\zoom_out.gif


2017. 3. 27. 오전 11:14:08
===============================================================================
M egov_cms\src\main\java\com\mc\web\admin\member\UserDAO.java
M egov_cms\src\main\java\com\mc\web\interceptor\AdminLoginInterceptor.java
M egov_cms\src\main\java\com\mc\web\interceptor\IpCehckInterceptor.java
M egov_cms\src\main\resources\spring\appServlet\servlet-context.xml
M egov_cms\src\main\resources\sqlmap\altibase\user.xml
M egov_cms\src\main\resources\sqlmap\cubrid\user.xml
M egov_cms\src\main\resources\sqlmap\mysql\user.xml
M egov_cms\src\main\resources\sqlmap\oracle\user.xml
M egov_cms\src\main\resources\sqlmap\tibero\user.xml

A egov_cms\src\main\java\com\mc\web\interceptor\AdminLoginHelper.java


2017. 4. 6. 오후 5:24:51
===============================================================================
M egov_cms\src\main\resources\sqlmap\altibase\user.xml
M egov_cms\src\main\resources\sqlmap\cubrid\user.xml
M egov_cms\src\main\resources\sqlmap\mysql\user.xml
M egov_cms\src\main\resources\sqlmap\oracle\user.xml
M egov_cms\src\main\resources\sqlmap\tibero\user.xml
M egov_cms\src\main\webapp\WEB-INF\jsp\super\homepage\modify.jsp
M egov_cms\src\main\webapp\WEB-INF\jsp\super\homepage\write.jsp
M egov_cms\src\main\webapp\WEB-INF\jsp\super\system\member\index.jsp


2017. 4. 7. 오후 2:07:21
===============================================================================
M egov_cms\src\main\resources\script\altibase\ddl\cms_create.sql
M egov_cms\src\main\resources\script\cubrid\ddl\cms_create.sql
M egov_cms\src\main\resources\script\mysql\ddl\cms_create.sql
M egov_cms\src\main\resources\script\oracle\ddl\cms_create.sql
M egov_cms\src\main\resources\script\tibero\ddl\cms_create.sql
M egov_cms\src\main\resources\sqlmap\altibase\menu.xml
M egov_cms\src\main\resources\sqlmap\cubrid\menu.xml
M egov_cms\src\main\resources\sqlmap\mysql\menu.xml
M egov_cms\src\main\resources\sqlmap\oracle\menu.xml
M egov_cms\src\main\resources\sqlmap\tibero\menu.xml
M egov_cms\src\main\webapp\WEB-INF\jsp\super\homepage\bbs\A\list.jsp
M egov_cms\src\main\webapp\WEB-INF\jsp\super\homepage\bbs\B\list.jsp
M egov_cms\src\main\webapp\WEB-INF\jsp\super\homepage\bbs\B\modify.jsp
M egov_cms\src\main\webapp\WEB-INF\jsp\super\homepage\bbs\D\list.jsp
M egov_cms\src\main\webapp\WEB-INF\jsp\super\homepage\bbs\D\write.jsp
M egov_cms\src\main\webapp\WEB-INF\jsp\super\homepage\contentFrm.jsp
M egov_cms\src\main\webapp\WEB-INF\jsp\super\homepage\write.jsp
M egov_cms\src\main\webapp\WEB-INF\jsp\super\site\reserve\list.jsp
M egov_cms\src\main\webapp\WEB-INF\jsp\super\system\board\list.jsp


2017. 4. 7. 오후 3:37:13
===============================================================================
M egov_cms\src\main\java\com\mc\web\admin\site\js_css\JsCssController.java
M egov_cms\src\main\resources\lucy-xss-servlet-filter-rule.xml
M egov_cms\src\main\webapp\WEB-INF\jsp\layout\lay1.jsp
M egov_cms\src\main\webapp\WEB-INF\jsp\layout\lay2.jsp
M egov_cms\src\main\webapp\WEB-INF\jsp\layout\lay3.jsp
M egov_cms\src\main\webapp\WEB-INF\jsp\layout\lay4.jsp
M egov_cms\src\main\webapp\WEB-INF\jsp\layout\main.jsp
M egov_cms\src\main\webapp\WEB-INF\jsp\super\homepage\bbs\A\modifyCtrl.jsp
M egov_cms\src\main\webapp\WEB-INF\jsp\super\homepage\bbs\A\writeCtrl.jsp
M egov_cms\src\main\webapp\WEB-INF\jsp\super\homepage\bbs\B\modifyCtrl.jsp
M egov_cms\src\main\webapp\WEB-INF\jsp\super\homepage\bbs\B\writeCtrl.jsp
M egov_cms\src\main\webapp\WEB-INF\jsp\super\homepage\bbs\C\modifyCtrl.jsp
M egov_cms\src\main\webapp\WEB-INF\jsp\super\homepage\bbs\C\writeCtrl.jsp
M egov_cms\src\main\webapp\WEB-INF\jsp\super\homepage\bbs\D\list.jsp
M egov_cms\src\main\webapp\WEB-INF\jsp\super\homepage\bbs\D\modifyCtrl.jsp
M egov_cms\src\main\webapp\WEB-INF\jsp\super\homepage\bbs\D\replyCtrl.jsp
M egov_cms\src\main\webapp\WEB-INF\jsp\super\homepage\bbs\D\writeCtrl.jsp
M egov_cms\src\main\webapp\WEB-INF\jsp\super\homepage\bbs\E\modifyCtrl.jsp
M egov_cms\src\main\webapp\WEB-INF\jsp\super\homepage\bbs\E\writeCtrl.jsp
M egov_cms\src\main\webapp\WEB-INF\jsp\super\homepage\contentFrm.jsp
M egov_cms\src\main\webapp\WEB-INF\jsp\super\homepage\help.jsp
M egov_cms\src\main\webapp\WEB-INF\jsp\super\homepage\modify.jsp
M egov_cms\src\main\webapp\WEB-INF\jsp\super\homepage\poll\index.jsp
M egov_cms\src\main\webapp\WEB-INF\jsp\super\homepage\popup\index.jsp
M egov_cms\src\main\webapp\WEB-INF\jsp\super\homepage\write.jsp
M egov_cms\src\main\webapp\WEB-INF\jsp\super\site\js_css\index.jsp
M egov_cms\src\main\webapp\WEB-INF\jsp\super\site\popup\index.jsp
M egov_cms\src\main\webapp\WEB-INF\jsp\super\system\board\index.jsp
M egov_cms\src\main\webapp\WEB-INF\jsp\super\system\board\list.jsp
M egov_cms\src\main\webapp\WEB-INF\jsp\super\system\board\modify.jsp
M egov_cms\src\main\webapp\WEB-INF\jsp\super\system\board\write.jsp
M egov_cms\src\main\webapp\WEB-INF\jsp\super\system\code\index.jsp
M egov_cms\src\main\webapp\WEB-INF\jsp\super\system\email\index.jsp
M egov_cms\src\main\webapp\WEB-INF\jsp\super\system\filter\index.jsp
M egov_cms\src\main\webapp\WEB-INF\jsp\super\system\filter\settingCtrl.jsp
M egov_cms\src\main\webapp\WEB-INF\jsp\super\system\member\index.jsp
M egov_cms\src\main\webapp\WEB-INF\jsp\super\system\permit\index.jsp
M egov_cms\src\main\webapp\WEB-INF\jsp\super\user\dept\index.jsp
M egov_cms\src\main\webapp\WEB-INF\jsp\super\user\member\index.jsp


2017. 4. 7. 오후 4:03:22
===============================================================================
M egov_cms\src\main\webapp\lib\css\cmsadmin.css


2017. 4. 7. 오후 5:23:37
===============================================================================
M egov_cms\src\main\java\com\mc\web\admin\site\js_css\JsCssDAO.java
M egov_cms\src\main\java\com\mc\web\admin\site\js_css\JsCssService.java
M egov_cms\src\main\java\com\mc\web\admin\site\js_css\impl\JsCssServiceImpl.java
M egov_cms\src\main\java\com\mc\web\page\impl\TemplateServiceImpl.java
M egov_cms\src\main\resources\config\ehcache.xml
M egov_cms\src\main\webapp\WEB-INF\jsp\bbs\A\insertForm.jsp
M egov_cms\src\main\webapp\WEB-INF\jsp\bbs\A\modifyForm.jsp
M egov_cms\src\main\webapp\WEB-INF\jsp\bbs\A\view.jsp
M egov_cms\src\main\webapp\WEB-INF\jsp\bbs\B\insertForm.jsp
M egov_cms\src\main\webapp\WEB-INF\jsp\bbs\B\list.jsp
M egov_cms\src\main\webapp\WEB-INF\jsp\bbs\B\modifyForm.jsp
M egov_cms\src\main\webapp\WEB-INF\jsp\bbs\B\view.jsp
M egov_cms\src\main\webapp\WEB-INF\jsp\bbs\C\insertForm.jsp
M egov_cms\src\main\webapp\WEB-INF\jsp\bbs\C\list.jsp
M egov_cms\src\main\webapp\WEB-INF\jsp\bbs\C\modifyForm.jsp
M egov_cms\src\main\webapp\WEB-INF\jsp\bbs\C\view.jsp
M egov_cms\src\main\webapp\WEB-INF\jsp\bbs\D\insertForm.jsp
M egov_cms\src\main\webapp\WEB-INF\jsp\bbs\D\modifyForm.jsp
M egov_cms\src\main\webapp\WEB-INF\jsp\bbs\D\replyForm.jsp
M egov_cms\src\main\webapp\WEB-INF\jsp\bbs\D\view.jsp
M egov_cms\src\main\webapp\WEB-INF\jsp\bbs\E\list.jsp
M egov_cms\src\main\webapp\WEB-INF\jsp\super\homepage\bbs\C\list.jsp
M egov_cms\src\main\webapp\WEB-INF\jsp\super\homepage\bbs\C\modify.jsp
M egov_cms\src\main\webapp\WEB-INF\jsp\super\homepage\bbs\C\write.jsp
M egov_cms\src\main\webapp\WEB-INF\jsp\super\homepage\bbs\E\list.jsp
M egov_cms\src\main\webapp\WEB-INF\jsp\super\homepage\bbs\E\modify.jsp
M egov_cms\src\main\webapp\font
M egov_cms\src\main\webapp\images\article
M egov_cms\src\main\webapp\lib\css\article.css
M egov_cms\src\main\webapp\lib\css\base.css
M egov_cms\src\main\webapp\lib\css\common.css
M egov_cms\src\main\webapp\lib\css\main.css
M egov_cms\src\main\webapp\lib\css\sub.css
M egov_cms\src\main\webapp\lib\js\bbs.js
M egov_cms\src\main\webapp\lib\js\main.js

A egov_cms\src\main\webapp\font\NanumBarunGothic.eot
A egov_cms\src\main\webapp\font\NanumBarunGothic.woff
A egov_cms\src\main\webapp\font\NanumBarunGothicBold.eot
A egov_cms\src\main\webapp\font\NanumBarunGothicBold.woff
A egov_cms\src\main\webapp\images\article\add_btn.gif
A egov_cms\src\main\webapp\images\article\del_btn.gif
A egov_cms\src\main\webapp\images\article\view_line.gif

D egov_cms\src\main\webapp\font\NanumGothic.eot
D egov_cms\src\main\webapp\font\NanumGothic.woff
D egov_cms\src\main\webapp\font\NanumGothicBold.eot
D egov_cms\src\main\webapp\font\NanumGothicBold.woff


2017. 4. 13. 오후 1:01:51
===============================================================================
M egov_cms\src\main\java\com\mc\web\social\api\DaumClient.java
M egov_cms\src\main\java\com\mc\web\social\api\FacebookClient.java
M egov_cms\src\main\java\com\mc\web\social\api\KakaoClient.java
M egov_cms\src\main\java\com\mc\web\social\api\NaverClient.java
M egov_cms\src\main\java\com\mc\web\social\api\TwitterClient.java
M egov_cms\src\main\webapp\WEB-INF\jsp\comments\list.jsp
M egov_cms\src\main\webapp\WEB-INF\jsp\comments\sns_box.jsp
M egov_cms\src\main\webapp\WEB-INF\jsp\super\site\popup\index.jsp
M egov_cms\src\main\webapp\WEB-INF\jsp\super\site\reserve\list.jsp
M egov_cms\src\main\webapp\WEB-INF\jsp\super\system\member\SortMemberTemplete.jsp
M egov_cms\src\main\webapp\WEB-INF\jsp\super\system\member\groupEditTemplete.jsp
M egov_cms\src\main\webapp\WEB-INF\jsp\super\system\member\groupSelectTemplete.jsp
M egov_cms\src\main\webapp\WEB-INF\jsp\super\system\member\index.jsp
M egov_cms\src\main\webapp\WEB-INF\jsp\super\system\member\memberEditTemplete.jsp
M egov_cms\src\main\webapp\WEB-INF\jsp\super\system\member\memberPermitTemplete.jsp
M egov_cms\src\main\webapp\WEB-INF\jsp\super\system\member\permissionTemplete.jsp
M egov_cms\src\main\webapp\WEB-INF\jsp\super\system\member\staffTemplete.jsp
M egov_cms\src\main\webapp\lib\css\admin.css
M egov_cms\src\main\webapp\lib\css\cmsadmin.css
M egov_cms\src\main\webapp\upload\thumb

A egov_cms\src\main\webapp\upload\thumb\d3ffb1d1-08f8-4e83-b36c-39ef31b4f0c6.png


2017. 4. 13. 오후 2:27:41
===============================================================================
M egov_cms\src\main\java\com\mc\web\comments\impl\CommentsServiceImpl.java
M egov_cms\src\main\java\com\mc\web\social\api\DaumClient.java
M egov_cms\src\main\java\com\mc\web\social\api\FacebookClient.java
M egov_cms\src\main\java\com\mc\web\social\api\KakaoClient.java
M egov_cms\src\main\java\com\mc\web\social\api\NaverClient.java
M egov_cms\src\main\java\com\mc\web\social\api\TwitterClient.java
M egov_cms\src\main\webapp\WEB-INF\jsp\comments\comment_box.jsp
M egov_cms\src\main\webapp\WEB-INF\jsp\comments\list.jsp
M egov_cms\src\main\webapp\WEB-INF\jsp\comments\sns_box.jsp
M egov_cms\src\main\webapp\WEB-INF\jsp\gernal\contents.jsp
M egov_cms\src\main\webapp\WEB-INF\jsp\inc\header.jsp
M egov_cms\src\main\webapp\WEB-INF\jsp\inc\page_manager.jsp
M egov_cms\src\main\webapp\WEB-INF\jsp\layout
M egov_cms\src\main\webapp\WEB-INF\jsp\super\system\board\list.jsp
M egov_cms\src\main\webapp\WEB-INF\jsp\super\system\board\modify.jsp
M egov_cms\src\main\webapp\WEB-INF\jsp\super\system\board\write.jsp
M egov_cms\src\main\webapp\WEB-INF\jsp\super\system\code\index.jsp
M egov_cms\src\main\webapp\WEB-INF\jsp\super\system\filter\setting.jsp
M egov_cms\src\main\webapp\WEB-INF\jsp\super\system\ipcheck\list.jsp
M egov_cms\src\main\webapp\WEB-INF\jsp\super\system\ipcheck\modify.jsp
M egov_cms\src\main\webapp\WEB-INF\jsp\super\system\ipcheck\write.jsp
M egov_cms\src\main\webapp\WEB-INF\jsp\super\system\member\index.jsp
M egov_cms\src\main\webapp\WEB-INF\jsp\super\system\permit\list.jsp
M egov_cms\src\main\webapp\WEB-INF\jsp\super\system\permit\modify.jsp
M egov_cms\src\main\webapp\WEB-INF\jsp\super\system\permit\write.jsp
M egov_cms\src\main\webapp\WEB-INF\jsp\super\system\program\list.jsp
M egov_cms\src\main\webapp\WEB-INF\jsp\super\system\program\modify.jsp
M egov_cms\src\main\webapp\WEB-INF\jsp\super\system\program\write.jsp
M egov_cms\src\main\webapp\WEB-INF\jsp\super\system\reserve\list.jsp
M egov_cms\src\main\webapp\WEB-INF\sitemesh3.xml
M egov_cms\src\main\webapp\images\article
M egov_cms\src\main\webapp\images\sub\kogl_mark_01.gif
M egov_cms\src\main\webapp\lib\css\article.css
M egov_cms\src\main\webapp\lib\css\cmsadmin.css
M egov_cms\src\main\webapp\lib\css\sub.css
M egov_cms\src\main\webapp\lib\js\jquery.lck.util.js

A egov_cms\src\main\webapp\WEB-INF\jsp\comments\write_field.jsp
A egov_cms\src\main\webapp\WEB-INF\jsp\layout\member.jsp
A egov_cms\src\main\webapp\images\article\sns_on.png
A egov_cms\src\main\webapp\images\sub\ccl_mark_01.gif
A egov_cms\src\main\webapp\images\sub\ccl_mark_02.gif
A egov_cms\src\main\webapp\images\sub\ccl_mark_03.gif
A egov_cms\src\main\webapp\images\sub\ccl_mark_04.gif
A egov_cms\src\main\webapp\images\sub\ccl_mark_05.gif
A egov_cms\src\main\webapp\images\sub\ccl_mark_06.gif
A egov_cms\src\main\webapp\images\sub\kogl_mark_02.gif
A egov_cms\src\main\webapp\images\sub\kogl_mark_03.gif
A egov_cms\src\main\webapp\images\sub\kogl_mark_04.gif

D egov_cms\src\main\webapp\WEB-INF\jsp\layout\lay4.jsp


2017. 4. 13. 오후 3:14:32
===============================================================================
M egov_cms\src\main\java\com\mc\web\comments\impl\CommentsServiceImpl.java
M egov_cms\src\main\java\com\mc\web\social\api\DaumClient.java
M egov_cms\src\main\java\com\mc\web\social\api\FacebookClient.java
M egov_cms\src\main\java\com\mc\web\social\api\KakaoClient.java
M egov_cms\src\main\java\com\mc\web\social\api\NaverClient.java
M egov_cms\src\main\java\com\mc\web\social\api\TwitterClient.java


2017. 4. 13. 오후 5:25:46
===============================================================================
M egov_cms\src\main\resources\sqlmap\altibase\comments.xml
M egov_cms\src\main\resources\sqlmap\cubrid\comments.xml
M egov_cms\src\main\resources\sqlmap\mysql\comments.xml
M egov_cms\src\main\resources\sqlmap\oracle\comments.xml
M egov_cms\src\main\resources\sqlmap\tibero\comments.xml
M egov_cms\src\main\webapp\WEB-INF\jsp\comments\comment_box.jsp
M egov_cms\src\main\webapp\WEB-INF\jsp\comments\list.jsp
M egov_cms\src\main\webapp\WEB-INF\jsp\layout\lay1.jsp
M egov_cms\src\main\webapp\WEB-INF\jsp\layout\lay1_1.jsp
M egov_cms\src\main\webapp\WEB-INF\jsp\layout\lay2.jsp
M egov_cms\src\main\webapp\WEB-INF\jsp\super\system\filter\index.jsp
M egov_cms\src\main\webapp\WEB-INF\jsp\super\system\filter\report.jsp
M egov_cms\src\main\webapp\WEB-INF\jsp\super\system\filter\setting.jsp
M egov_cms\src\main\webapp\lib\js\partials\comments.html
M egov_cms\src\main\webapp\lib\switch\ios-switch.css

D egov_cms\src\main\webapp\lib\js\partials\adminComment.html

